0 verbose cli /home/user/.nvm/versions/node/v18.17.1/bin/node /home/user/.nvm/versions/node/v18.17.1/bin/npm
1 info using npm@10.2.1
2 info using node@v18.17.1
3 timing npm:load:whichnode Completed in 0ms
4 timing config:load:defaults Completed in 1ms
5 timing config:load:file:/home/user/.nvm/versions/node/v18.17.1/lib/node_modules/npm/npmrc Completed in 2ms
6 timing config:load:builtin Completed in 2ms
7 timing config:load:cli Completed in 4ms
8 timing config:load:env Completed in 0ms
9 timing config:load:file:/airbnb-eslint-prettier-sveltekit/.npmrc Completed in 1ms
10 timing config:load:project Completed in 4ms
11 timing config:load:file:/home/user/.npmrc Completed in 0ms
12 timing config:load:user Completed in 0ms
13 timing config:load:file:/home/user/.nvm/versions/node/v18.17.1/etc/npmrc Completed in 1ms
14 timing config:load:global Completed in 1ms
15 timing config:load:setEnvs Completed in 0ms
16 timing config:load Completed in 12ms
17 timing npm:load:configload Completed in 12ms
18 timing config:load:flatten Completed in 2ms
19 timing npm:load:mkdirpcache Completed in 1ms
20 timing npm:load:mkdirplogs Completed in 0ms
21 verbose title npm install eslint-config-airbnb-base@15.0.0 eslint@^8.2.0 eslint-plugin-import@^2.25.2
22 verbose argv "install" "eslint-config-airbnb-base@15.0.0" "eslint@^8.2.0" "eslint-plugin-import@^2.25.2" "--save-dev"
23 timing npm:load:setTitle Completed in 1ms
24 timing npm:load:display Completed in 0ms
25 verbose logfile logs-max:10 dir:/home/user/.npm/_logs/2023-10-20T19_11_17_909Z-
26 verbose logfile /home/user/.npm/_logs/2023-10-20T19_11_17_909Z-debug-0.log
27 timing npm:load:logFile Completed in 7ms
28 timing npm:load:timers Completed in 0ms
29 timing npm:load:configScope Completed in 0ms
30 timing npm:load Completed in 35ms
31 timing arborist:ctor Completed in 1ms
32 silly logfile done cleaning log files
33 timing idealTree:init Completed in 112ms
34 timing idealTree:userRequests Completed in 1ms
35 silly idealTree buildDeps
36 silly fetch manifest eslint@^8.2.0
37 timing arborist:ctor Completed in 0ms
38 http fetch GET 200 https://registry.npmjs.org/eslint 55ms (cache hit)
39 silly fetch manifest eslint-config-airbnb-base@15.0.0
40 http fetch GET 200 https://registry.npmjs.org/eslint-config-airbnb-base 225ms (cache miss)
41 silly fetch manifest eslint-plugin-import@^2.25.2
42 http fetch GET 200 https://registry.npmjs.org/eslint-plugin-import 106ms (cache miss)
43 silly placeDep ROOT eslint@8.51.0 REPLACE for: airbnb-eslint-prettier-sveltekit@0.0.1 want: ^8.2.0
44 silly placeDep ROOT eslint-config-airbnb-base@15.0.0 OK for: airbnb-eslint-prettier-sveltekit@0.0.1 want: 15.0.0
45 silly placeDep ROOT eslint-plugin-import@2.28.1 OK for: eslint-config-airbnb-base@15.0.0 want: ^2.25.2
46 silly fetch manifest confusing-browser-globals@^1.0.10
47 silly fetch manifest object.assign@^4.1.2
48 silly fetch manifest object.entries@^1.1.5
49 silly fetch manifest semver@^6.3.0
50 silly fetch manifest array-includes@^3.1.6
51 silly fetch manifest array.prototype.findlastindex@^1.2.2
52 silly fetch manifest array.prototype.flat@^1.3.1
53 silly fetch manifest array.prototype.flatmap@^1.3.1
54 silly fetch manifest debug@^3.2.7
55 silly fetch manifest doctrine@^2.1.0
56 silly fetch manifest eslint-import-resolver-node@^0.3.7
57 silly fetch manifest eslint-module-utils@^2.8.0
58 silly fetch manifest has@^1.0.3
59 silly fetch manifest is-core-module@^2.13.0
60 silly fetch manifest object.fromentries@^2.0.6
61 silly fetch manifest object.groupby@^1.0.0
62 silly fetch manifest object.values@^1.1.6
63 silly fetch manifest semver@^6.3.1
64 silly fetch manifest tsconfig-paths@^3.14.2
65 silly placeDep ROOT eslint-plugin-import@2.28.1 REPLACE for: airbnb-eslint-prettier-sveltekit@0.0.1 want: ^2.25.2
66 http fetch GET 200 https://registry.npmjs.org/debug 44ms (cache hit)
67 http fetch GET 200 https://registry.npmjs.org/semver 49ms (cache hit)
68 http fetch GET 200 https://registry.npmjs.org/doctrine 51ms (cache hit)
69 http fetch GET 200 https://registry.npmjs.org/semver 48ms (cache hit)
70 http fetch GET 200 https://registry.npmjs.org/eslint-import-resolver-node 153ms (cache miss)
71 http fetch GET 200 https://registry.npmjs.org/has 169ms (cache miss)
72 http fetch GET 200 https://registry.npmjs.org/object.entries 174ms (cache miss)
73 http fetch GET 200 https://registry.npmjs.org/object.groupby 174ms (cache miss)
74 http fetch GET 200 https://registry.npmjs.org/array.prototype.findlastindex 181ms (cache miss)
75 http fetch GET 200 https://registry.npmjs.org/eslint-module-utils 180ms (cache miss)
76 http fetch GET 200 https://registry.npmjs.org/array.prototype.flatmap 183ms (cache miss)
77 http fetch GET 200 https://registry.npmjs.org/object.assign 188ms (cache miss)
78 http fetch GET 200 https://registry.npmjs.org/object.values 182ms (cache miss)
79 http fetch GET 200 https://registry.npmjs.org/object.fromentries 186ms (cache miss)
80 http fetch GET 200 https://registry.npmjs.org/is-core-module 187ms (cache miss)
81 http fetch GET 200 https://registry.npmjs.org/tsconfig-paths 196ms (cache miss)
82 http fetch GET 200 https://registry.npmjs.org/confusing-browser-globals 711ms (cache miss)
83 http fetch GET 200 https://registry.npmjs.org/array.prototype.flat 829ms (cache miss)
84 http fetch GET 200 https://registry.npmjs.org/array-includes 883ms (cache miss)
85 timing idealTree:#root Completed in 1328ms
86 timing idealTree:node_modules/eslint Completed in 0ms
87 silly placeDep ROOT confusing-browser-globals@1.0.11 OK for: eslint-config-airbnb-base@15.0.0 want: ^1.0.10
88 silly placeDep ROOT object.assign@4.1.4 OK for: eslint-config-airbnb-base@15.0.0 want: ^4.1.2
89 silly fetch manifest call-bind@^1.0.2
90 silly fetch manifest define-properties@^1.1.4
91 silly fetch manifest has-symbols@^1.0.3
92 silly fetch manifest object-keys@^1.1.1
93 silly placeDep ROOT object.entries@1.1.7 OK for: eslint-config-airbnb-base@15.0.0 want: ^1.1.5
94 silly fetch manifest define-properties@^1.2.0
95 silly fetch manifest es-abstract@^1.22.1
96 silly placeDep node_modules/eslint-config-airbnb-base semver@6.3.1 OK for: eslint-config-airbnb-base@15.0.0 want: ^6.3.0
97 http fetch GET 200 https://registry.npmjs.org/has-symbols 84ms (cache miss)
98 http fetch GET 200 https://registry.npmjs.org/define-properties 88ms (cache miss)
99 http fetch GET 200 https://registry.npmjs.org/call-bind 90ms (cache miss)
100 http fetch GET 200 https://registry.npmjs.org/define-properties 88ms (cache miss)
101 http fetch GET 200 https://registry.npmjs.org/object-keys 92ms (cache miss)
102 http fetch GET 200 https://registry.npmjs.org/es-abstract 110ms (cache miss)
103 timing idealTree:node_modules/eslint-config-airbnb-base Completed in 135ms
104 timing idealTree:node_modules/confusing-browser-globals Completed in 1ms
105 silly placeDep ROOT array-includes@3.1.7 OK for: eslint-plugin-import@2.28.1 want: ^3.1.6
106 silly fetch manifest get-intrinsic@^1.2.1
107 silly fetch manifest is-string@^1.0.7
108 silly placeDep ROOT array.prototype.findlastindex@1.2.3 OK for: eslint-plugin-import@2.28.1 want: ^1.2.2
109 silly fetch manifest es-shim-unscopables@^1.0.0
110 silly placeDep ROOT array.prototype.flat@1.3.2 OK for: eslint-plugin-import@2.28.1 want: ^1.3.1
111 silly placeDep ROOT array.prototype.flatmap@1.3.2 OK for: eslint-plugin-import@2.28.1 want: ^1.3.1
112 silly placeDep node_modules/eslint-plugin-import debug@3.2.7 OK for: eslint-plugin-import@2.28.1 want: ^3.2.7
113 silly placeDep node_modules/eslint-plugin-import doctrine@2.1.0 OK for: eslint-plugin-import@2.28.1 want: ^2.1.0
114 silly placeDep ROOT eslint-import-resolver-node@0.3.9 OK for: eslint-plugin-import@2.28.1 want: ^0.3.7
115 silly fetch manifest resolve@^1.22.4
116 silly placeDep ROOT eslint-module-utils@2.8.0 OK for: eslint-plugin-import@2.28.1 want: ^2.8.0
117 silly placeDep ROOT has@1.0.4 OK for: eslint-plugin-import@2.28.1 want: ^1.0.3
118 silly placeDep ROOT is-core-module@2.13.0 OK for: eslint-plugin-import@2.28.1 want: ^2.13.0
119 silly placeDep ROOT object.fromentries@2.0.7 OK for: eslint-plugin-import@2.28.1 want: ^2.0.6
120 silly placeDep ROOT object.groupby@1.0.1 OK for: eslint-plugin-import@2.28.1 want: ^1.0.0
121 silly placeDep ROOT object.values@1.1.7 OK for: eslint-plugin-import@2.28.1 want: ^1.1.6
122 silly placeDep node_modules/eslint-plugin-import semver@6.3.1 OK for: eslint-plugin-import@2.28.1 want: ^6.3.1
123 silly placeDep ROOT tsconfig-paths@3.14.2 OK for: eslint-plugin-import@2.28.1 want: ^3.14.2
124 silly fetch manifest @types/json5@^0.0.29
125 silly fetch manifest json5@^1.0.2
126 silly fetch manifest strip-bom@^3.0.0
127 http fetch GET 200 https://registry.npmjs.org/es-shim-unscopables 71ms (cache miss)
128 http fetch GET 200 https://registry.npmjs.org/get-intrinsic 78ms (cache miss)
129 http fetch GET 200 https://registry.npmjs.org/strip-bom 58ms (cache miss)
130 http fetch GET 200 https://registry.npmjs.org/is-string 79ms (cache miss)
131 http fetch GET 200 https://registry.npmjs.org/json5 64ms (cache miss)
132 http fetch GET 200 https://registry.npmjs.org/resolve 78ms (cache miss)
133 http fetch GET 200 https://registry.npmjs.org/@types%2fjson5 71ms (cache miss)
134 timing idealTree:node_modules/eslint-plugin-import Completed in 98ms
135 silly placeDep ROOT call-bind@1.0.5 OK for: array-includes@3.1.7 want: ^1.0.2
136 silly fetch manifest function-bind@^1.1.2
137 silly fetch manifest set-function-length@^1.1.1
138 silly placeDep ROOT define-properties@1.2.1 OK for: array-includes@3.1.7 want: ^1.2.0
139 silly fetch manifest define-data-property@^1.0.1
140 silly fetch manifest has-property-descriptors@^1.0.0
141 silly placeDep ROOT es-abstract@1.22.2 OK for: array-includes@3.1.7 want: ^1.22.1
142 silly fetch manifest array-buffer-byte-length@^1.0.0
143 silly fetch manifest arraybuffer.prototype.slice@^1.0.2
144 silly fetch manifest available-typed-arrays@^1.0.5
145 silly fetch manifest es-set-tostringtag@^2.0.1
146 silly fetch manifest es-to-primitive@^1.2.1
147 silly fetch manifest function.prototype.name@^1.1.6
148 silly fetch manifest get-symbol-description@^1.0.0
149 silly fetch manifest globalthis@^1.0.3
150 silly fetch manifest gopd@^1.0.1
151 silly fetch manifest has-proto@^1.0.1
152 silly fetch manifest internal-slot@^1.0.5
153 silly fetch manifest is-array-buffer@^3.0.2
154 silly fetch manifest is-callable@^1.2.7
155 silly fetch manifest is-negative-zero@^2.0.2
156 silly fetch manifest is-regex@^1.1.4
157 silly fetch manifest is-shared-array-buffer@^1.0.2
158 silly fetch manifest is-typed-array@^1.1.12
159 silly fetch manifest is-weakref@^1.0.2
160 silly fetch manifest object-inspect@^1.12.3
161 silly fetch manifest regexp.prototype.flags@^1.5.1
162 silly fetch manifest safe-array-concat@^1.0.1
163 silly fetch manifest safe-regex-test@^1.0.0
164 silly fetch manifest string.prototype.trim@^1.2.8
165 silly fetch manifest string.prototype.trimend@^1.0.7
166 silly fetch manifest string.prototype.trimstart@^1.0.7
167 silly fetch manifest typed-array-buffer@^1.0.0
168 silly fetch manifest typed-array-byte-length@^1.0.0
169 silly fetch manifest typed-array-byte-offset@^1.0.0
170 silly fetch manifest typed-array-length@^1.0.4
171 silly fetch manifest unbox-primitive@^1.0.2
172 silly fetch manifest which-typed-array@^1.1.11
173 silly placeDep ROOT get-intrinsic@1.2.1 OK for: array-includes@3.1.7 want: ^1.2.1
174 silly fetch manifest function-bind@^1.1.1
175 silly placeDep ROOT is-string@1.0.7 OK for: array-includes@3.1.7 want: ^1.0.7
176 silly fetch manifest has-tostringtag@^1.0.0
177 http fetch GET 200 https://registry.npmjs.org/globalthis 87ms (cache miss)
178 http fetch GET 200 https://registry.npmjs.org/es-to-primitive 90ms (cache miss)
179 http fetch GET 200 https://registry.npmjs.org/set-function-length 98ms (cache miss)
180 http fetch GET 200 https://registry.npmjs.org/define-data-property 97ms (cache miss)
181 http fetch GET 200 https://registry.npmjs.org/get-symbol-description 91ms (cache miss)
182 http fetch GET 200 https://registry.npmjs.org/array-buffer-byte-length 95ms (cache miss)
183 http fetch GET 200 https://registry.npmjs.org/gopd 92ms (cache miss)
184 http fetch GET 200 https://registry.npmjs.org/has-property-descriptors 99ms (cache miss)
185 http fetch GET 200 https://registry.npmjs.org/arraybuffer.prototype.slice 96ms (cache miss)
186 http fetch GET 200 https://registry.npmjs.org/es-set-tostringtag 95ms (cache miss)
187 http fetch GET 200 https://registry.npmjs.org/function-bind 104ms (cache miss)
188 http fetch GET 200 https://registry.npmjs.org/has-proto 92ms (cache miss)
189 http fetch GET 200 https://registry.npmjs.org/function.prototype.name 95ms (cache miss)
190 http fetch GET 200 https://registry.npmjs.org/available-typed-arrays 98ms (cache miss)
191 http fetch GET 200 https://registry.npmjs.org/is-regex 137ms (cache miss)
192 http fetch GET 200 https://registry.npmjs.org/is-weakref 137ms (cache miss)
193 http fetch GET 200 https://registry.npmjs.org/safe-regex-test 135ms (cache miss)
194 http fetch GET 200 https://registry.npmjs.org/safe-array-concat 138ms (cache miss)
195 http fetch GET 200 https://registry.npmjs.org/is-shared-array-buffer 141ms (cache miss)
196 http fetch GET 200 https://registry.npmjs.org/string.prototype.trimend 137ms (cache miss)
197 http fetch GET 200 https://registry.npmjs.org/object-inspect 141ms (cache miss)
198 http fetch GET 200 https://registry.npmjs.org/string.prototype.trim 139ms (cache miss)
199 http fetch GET 200 https://registry.npmjs.org/is-negative-zero 145ms (cache miss)
200 http fetch GET 200 https://registry.npmjs.org/is-typed-array 144ms (cache miss)
201 http fetch GET 200 https://registry.npmjs.org/is-callable 147ms (cache miss)
202 http fetch GET 200 https://registry.npmjs.org/regexp.prototype.flags 143ms (cache miss)
203 http fetch GET 200 https://registry.npmjs.org/string.prototype.trimstart 141ms (cache miss)
204 http fetch GET 200 https://registry.npmjs.org/typed-array-byte-offset 153ms (cache miss)
205 http fetch GET 200 https://registry.npmjs.org/typed-array-buffer 157ms (cache miss)
206 http fetch GET 200 https://registry.npmjs.org/unbox-primitive 157ms (cache miss)
207 http fetch GET 200 https://registry.npmjs.org/typed-array-byte-length 163ms (cache miss)
208 http fetch GET 200 https://registry.npmjs.org/typed-array-length 160ms (cache miss)
209 http fetch GET 200 https://registry.npmjs.org/which-typed-array 163ms (cache miss)
210 http fetch GET 200 https://registry.npmjs.org/has-tostringtag 164ms (cache miss)
211 http fetch GET 200 https://registry.npmjs.org/function-bind 179ms (cache miss)
212 http fetch GET 200 https://registry.npmjs.org/internal-slot 772ms (cache miss)
213 http fetch GET 200 https://registry.npmjs.org/is-array-buffer 828ms (cache miss)
214 timing idealTree:node_modules/array-includes Completed in 847ms
215 silly placeDep ROOT es-shim-unscopables@1.0.0 OK for: array.prototype.findlastindex@1.2.3 want: ^1.0.0
216 timing idealTree:node_modules/array.prototype.findlastindex Completed in 2ms
217 timing idealTree:node_modules/array.prototype.flat Completed in 0ms
218 timing idealTree:node_modules/array.prototype.flatmap Completed in 0ms
219 silly placeDep ROOT function-bind@1.1.2 OK for: call-bind@1.0.5 want: ^1.1.2
220 silly placeDep ROOT set-function-length@1.1.1 OK for: call-bind@1.0.5 want: ^1.1.1
221 silly fetch manifest define-data-property@^1.1.1
222 timing idealTree:node_modules/call-bind Completed in 5ms
223 silly placeDep ROOT define-data-property@1.1.1 OK for: define-properties@1.2.1 want: ^1.0.1
224 silly placeDep ROOT has-property-descriptors@1.0.0 OK for: define-properties@1.2.1 want: ^1.0.0
225 silly placeDep ROOT object-keys@1.1.1 OK for: define-properties@1.2.1 want: ^1.1.1
226 timing idealTree:node_modules/define-properties Completed in 5ms
227 silly placeDep ROOT gopd@1.0.1 OK for: define-data-property@1.1.1 want: ^1.0.1
228 timing idealTree:node_modules/define-data-property Completed in 2ms
229 silly placeDep ROOT array-buffer-byte-length@1.0.0 OK for: es-abstract@1.22.2 want: ^1.0.0
230 silly fetch manifest is-array-buffer@^3.0.1
231 silly placeDep ROOT arraybuffer.prototype.slice@1.0.2 OK for: es-abstract@1.22.2 want: ^1.0.2
232 silly placeDep ROOT available-typed-arrays@1.0.5 OK for: es-abstract@1.22.2 want: ^1.0.5
233 silly placeDep ROOT es-set-tostringtag@2.0.1 OK for: es-abstract@1.22.2 want: ^2.0.1
234 silly placeDep ROOT es-to-primitive@1.2.1 OK for: es-abstract@1.22.2 want: ^1.2.1
235 silly fetch manifest is-callable@^1.1.4
236 silly fetch manifest is-date-object@^1.0.1
237 silly fetch manifest is-symbol@^1.0.2
238 silly placeDep ROOT function.prototype.name@1.1.6 OK for: es-abstract@1.22.2 want: ^1.1.6
239 silly fetch manifest functions-have-names@^1.2.3
240 silly placeDep ROOT get-symbol-description@1.0.0 OK for: es-abstract@1.22.2 want: ^1.0.0
241 silly placeDep ROOT globalthis@1.0.3 OK for: es-abstract@1.22.2 want: ^1.0.3
242 silly placeDep ROOT has-proto@1.0.1 OK for: es-abstract@1.22.2 want: ^1.0.1
243 silly placeDep ROOT has-symbols@1.0.3 OK for: es-abstract@1.22.2 want: ^1.0.3
244 silly placeDep ROOT internal-slot@1.0.5 OK for: es-abstract@1.22.2 want: ^1.0.5
245 silly fetch manifest side-channel@^1.0.4
246 silly placeDep ROOT is-array-buffer@3.0.2 OK for: es-abstract@1.22.2 want: ^3.0.2
247 silly fetch manifest is-typed-array@^1.1.10
248 silly placeDep ROOT is-callable@1.2.7 OK for: es-abstract@1.22.2 want: ^1.2.7
249 silly placeDep ROOT is-negative-zero@2.0.2 OK for: es-abstract@1.22.2 want: ^2.0.2
250 silly placeDep ROOT is-regex@1.1.4 OK for: es-abstract@1.22.2 want: ^1.1.4
251 silly placeDep ROOT is-shared-array-buffer@1.0.2 OK for: es-abstract@1.22.2 want: ^1.0.2
252 silly placeDep ROOT is-typed-array@1.1.12 OK for: es-abstract@1.22.2 want: ^1.1.12
253 silly placeDep ROOT is-weakref@1.0.2 OK for: es-abstract@1.22.2 want: ^1.0.2
254 silly placeDep ROOT object-inspect@1.13.1 OK for: es-abstract@1.22.2 want: ^1.12.3
255 silly placeDep ROOT regexp.prototype.flags@1.5.1 OK for: es-abstract@1.22.2 want: ^1.5.1
256 silly fetch manifest set-function-name@^2.0.0
257 silly placeDep ROOT safe-array-concat@1.0.1 OK for: es-abstract@1.22.2 want: ^1.0.1
258 silly fetch manifest isarray@^2.0.5
259 silly placeDep ROOT safe-regex-test@1.0.0 OK for: es-abstract@1.22.2 want: ^1.0.0
260 silly placeDep ROOT string.prototype.trim@1.2.8 OK for: es-abstract@1.22.2 want: ^1.2.8
261 silly placeDep ROOT string.prototype.trimend@1.0.7 OK for: es-abstract@1.22.2 want: ^1.0.7
262 silly placeDep ROOT string.prototype.trimstart@1.0.7 OK for: es-abstract@1.22.2 want: ^1.0.7
263 silly placeDep ROOT typed-array-buffer@1.0.0 OK for: es-abstract@1.22.2 want: ^1.0.0
264 silly placeDep ROOT typed-array-byte-length@1.0.0 OK for: es-abstract@1.22.2 want: ^1.0.0
265 silly fetch manifest for-each@^0.3.3
266 silly placeDep ROOT typed-array-byte-offset@1.0.0 OK for: es-abstract@1.22.2 want: ^1.0.0
267 silly placeDep ROOT typed-array-length@1.0.4 OK for: es-abstract@1.22.2 want: ^1.0.4
268 silly placeDep ROOT unbox-primitive@1.0.2 OK for: es-abstract@1.22.2 want: ^1.0.2
269 silly fetch manifest has-bigints@^1.0.2
270 silly fetch manifest which-boxed-primitive@^1.0.2
271 silly placeDep ROOT which-typed-array@1.1.13 OK for: es-abstract@1.22.2 want: ^1.1.11
272 http fetch GET 200 https://registry.npmjs.org/is-symbol 83ms (cache miss)
273 http fetch GET 200 https://registry.npmjs.org/for-each 63ms (cache miss)
274 http fetch GET 200 https://registry.npmjs.org/which-boxed-primitive 59ms (cache miss)
275 http fetch GET 200 https://registry.npmjs.org/side-channel 87ms (cache miss)
276 http fetch GET 200 https://registry.npmjs.org/set-function-name 74ms (cache miss)
277 http fetch GET 200 https://registry.npmjs.org/has-bigints 61ms (cache miss)
278 http fetch GET 200 https://registry.npmjs.org/isarray 76ms (cache miss)
279 http fetch GET 200 https://registry.npmjs.org/is-date-object 100ms (cache miss)
280 http fetch GET 200 https://registry.npmjs.org/functions-have-names 98ms (cache miss)
281 timing idealTree:node_modules/es-abstract Completed in 122ms
282 timing idealTree:node_modules/array-buffer-byte-length Completed in 0ms
283 timing idealTree:node_modules/arraybuffer.prototype.slice Completed in 0ms
284 timing idealTree:node_modules/available-typed-arrays Completed in 0ms
285 silly placeDep ROOT has-tostringtag@1.0.0 OK for: es-set-tostringtag@2.0.1 want: ^1.0.0
286 timing idealTree:node_modules/es-set-tostringtag Completed in 2ms
287 timing idealTree:node_modules/es-shim-unscopables Completed in 0ms
288 silly placeDep ROOT is-date-object@1.0.5 OK for: es-to-primitive@1.2.1 want: ^1.0.1
289 silly placeDep ROOT is-symbol@1.0.4 OK for: es-to-primitive@1.2.1 want: ^1.0.2
290 timing idealTree:node_modules/es-to-primitive Completed in 3ms
291 silly placeDep node_modules/eslint-import-resolver-node debug@3.2.7 OK for: eslint-import-resolver-node@0.3.9 want: ^3.2.7
292 silly placeDep ROOT resolve@1.22.8 OK for: eslint-import-resolver-node@0.3.9 want: ^1.22.4
293 silly fetch manifest path-parse@^1.0.7
294 silly fetch manifest supports-preserve-symlinks-flag@^1.0.0
295 http fetch GET 200 https://registry.npmjs.org/supports-preserve-symlinks-flag 51ms (cache miss)
296 http fetch GET 200 https://registry.npmjs.org/path-parse 65ms (cache miss)
297 timing idealTree:node_modules/eslint-import-resolver-node Completed in 69ms
298 silly placeDep node_modules/eslint-module-utils debug@3.2.7 OK for: eslint-module-utils@2.8.0 want: ^3.2.7
299 timing idealTree:node_modules/eslint-module-utils Completed in 5ms
300 timing idealTree:node_modules/function-bind Completed in 0ms
301 silly placeDep ROOT functions-have-names@1.2.3 OK for: function.prototype.name@1.1.6 want: ^1.2.3
302 timing idealTree:node_modules/function.prototype.name Completed in 5ms
303 timing idealTree:node_modules/functions-have-names Completed in 0ms
304 timing idealTree:node_modules/get-intrinsic Completed in 0ms
305 timing idealTree:node_modules/get-symbol-description Completed in 0ms
306 timing idealTree:node_modules/globalthis Completed in 0ms
307 timing idealTree:node_modules/gopd Completed in 0ms
308 timing idealTree:node_modules/has Completed in 0ms
309 timing idealTree:node_modules/has-property-descriptors Completed in 0ms
310 timing idealTree:node_modules/has-proto Completed in 0ms
311 timing idealTree:node_modules/has-symbols Completed in 0ms
312 timing idealTree:node_modules/has-tostringtag Completed in 0ms
313 silly placeDep ROOT side-channel@1.0.4 OK for: internal-slot@1.0.5 want: ^1.0.4
314 timing idealTree:node_modules/internal-slot Completed in 7ms
315 timing idealTree:node_modules/is-array-buffer Completed in 0ms
316 timing idealTree:node_modules/is-callable Completed in 0ms
317 timing idealTree:node_modules/is-core-module Completed in 0ms
318 timing idealTree:node_modules/is-date-object Completed in 0ms
319 timing idealTree:node_modules/is-negative-zero Completed in 0ms
320 timing idealTree:node_modules/is-regex Completed in 0ms
321 timing idealTree:node_modules/is-shared-array-buffer Completed in 0ms
322 timing idealTree:node_modules/is-string Completed in 0ms
323 timing idealTree:node_modules/is-symbol Completed in 0ms
324 timing idealTree:node_modules/is-typed-array Completed in 0ms
325 timing idealTree:node_modules/is-weakref Completed in 0ms
326 timing idealTree:node_modules/object-inspect Completed in 0ms
327 timing idealTree:node_modules/object-keys Completed in 0ms
328 timing idealTree:node_modules/object.assign Completed in 0ms
329 timing idealTree:node_modules/object.entries Completed in 0ms
330 timing idealTree:node_modules/object.fromentries Completed in 0ms
331 timing idealTree:node_modules/object.groupby Completed in 0ms
332 timing idealTree:node_modules/object.values Completed in 0ms
333 silly placeDep ROOT set-function-name@2.0.1 OK for: regexp.prototype.flags@1.5.1 want: ^2.0.0
334 timing idealTree:node_modules/regexp.prototype.flags Completed in 4ms
335 silly placeDep ROOT path-parse@1.0.7 OK for: resolve@1.22.8 want: ^1.0.7
336 silly placeDep ROOT supports-preserve-symlinks-flag@1.0.0 OK for: resolve@1.22.8 want: ^1.0.0
337 timing idealTree:node_modules/resolve Completed in 5ms
338 timing idealTree:node_modules/path-parse Completed in 0ms
339 silly placeDep ROOT isarray@2.0.5 OK for: safe-array-concat@1.0.1 want: ^2.0.5
340 timing idealTree:node_modules/safe-array-concat Completed in 2ms
341 timing idealTree:node_modules/isarray Completed in 0ms
342 timing idealTree:node_modules/safe-regex-test Completed in 0ms
343 timing idealTree:node_modules/set-function-length Completed in 0ms
344 timing idealTree:node_modules/set-function-name Completed in 0ms
345 timing idealTree:node_modules/side-channel Completed in 0ms
346 timing idealTree:node_modules/string.prototype.trim Completed in 0ms
347 timing idealTree:node_modules/string.prototype.trimend Completed in 0ms
348 timing idealTree:node_modules/string.prototype.trimstart Completed in 0ms
349 timing idealTree:node_modules/supports-preserve-symlinks-flag Completed in 0ms
350 silly placeDep ROOT @types/json5@0.0.29 OK for: tsconfig-paths@3.14.2 want: ^0.0.29
351 silly placeDep ROOT json5@1.0.2 OK for: tsconfig-paths@3.14.2 want: ^1.0.2
352 silly placeDep ROOT strip-bom@3.0.0 OK for: tsconfig-paths@3.14.2 want: ^3.0.0
353 timing idealTree:node_modules/tsconfig-paths Completed in 5ms
354 timing idealTree:node_modules/@types/json5 Completed in 0ms
355 timing idealTree:node_modules/json5 Completed in 0ms
356 timing idealTree:node_modules/strip-bom Completed in 0ms
357 timing idealTree:node_modules/typed-array-buffer Completed in 0ms
358 silly placeDep ROOT for-each@0.3.3 OK for: typed-array-byte-length@1.0.0 want: ^0.3.3
359 timing idealTree:node_modules/typed-array-byte-length Completed in 2ms
360 timing idealTree:node_modules/for-each Completed in 0ms
361 timing idealTree:node_modules/typed-array-byte-offset Completed in 0ms
362 timing idealTree:node_modules/typed-array-length Completed in 0ms
363 silly placeDep ROOT has-bigints@1.0.2 OK for: unbox-primitive@1.0.2 want: ^1.0.2
364 silly placeDep ROOT which-boxed-primitive@1.0.2 OK for: unbox-primitive@1.0.2 want: ^1.0.2
365 silly fetch manifest is-bigint@^1.0.1
366 silly fetch manifest is-boolean-object@^1.1.0
367 silly fetch manifest is-number-object@^1.0.4
368 http fetch GET 200 https://registry.npmjs.org/is-bigint 57ms (cache miss)
369 http fetch GET 200 https://registry.npmjs.org/is-boolean-object 63ms (cache miss)
370 http fetch GET 200 https://registry.npmjs.org/is-number-object 75ms (cache miss)
371 timing idealTree:node_modules/unbox-primitive Completed in 81ms
372 timing idealTree:node_modules/has-bigints Completed in 0ms
373 silly placeDep ROOT is-bigint@1.0.4 OK for: which-boxed-primitive@1.0.2 want: ^1.0.1
374 silly placeDep ROOT is-boolean-object@1.1.2 OK for: which-boxed-primitive@1.0.2 want: ^1.1.0
375 silly placeDep ROOT is-number-object@1.0.7 OK for: which-boxed-primitive@1.0.2 want: ^1.0.4
376 timing idealTree:node_modules/which-boxed-primitive Completed in 6ms
377 timing idealTree:node_modules/is-bigint Completed in 0ms
378 timing idealTree:node_modules/is-boolean-object Completed in 0ms
379 timing idealTree:node_modules/is-number-object Completed in 0ms
380 timing idealTree:node_modules/which-typed-array Completed in 0ms
381 timing idealTree:node_modules/eslint-config-airbnb-base/node_modules/semver Completed in 0ms
382 timing idealTree:node_modules/eslint-import-resolver-node/node_modules/debug Completed in 0ms
383 timing idealTree:node_modules/eslint-module-utils/node_modules/debug Completed in 0ms
384 timing idealTree:node_modules/eslint-plugin-import/node_modules/debug Completed in 0ms
385 timing idealTree:node_modules/eslint-plugin-import/node_modules/doctrine Completed in 0ms
386 timing idealTree:node_modules/eslint-plugin-import/node_modules/semver Completed in 0ms
387 timing idealTree:buildDeps Completed in 2753ms
388 timing idealTree:fixDepFlags Completed in 4ms
389 timing idealTree Completed in 2879ms
390 timing reify:loadTrees Completed in 2879ms
391 timing reify:diffTrees Completed in 6ms
392 silly reify moves {}
393 timing reify:retireShallow Completed in 1ms
394 timing reify:createSparse Completed in 7ms
395 timing reify:loadBundles Completed in 0ms
396 silly audit bulk request {
396 silly audit   '@aashutoshrathi/word-wrap': [ '1.2.6' ],
396 silly audit   '@ampproject/remapping': [ '2.2.1' ],
396 silly audit   '@esbuild/android-arm': [ '0.18.20' ],
396 silly audit   '@esbuild/android-arm64': [ '0.18.20' ],
396 silly audit   '@esbuild/android-x64': [ '0.18.20' ],
396 silly audit   '@esbuild/darwin-arm64': [ '0.18.20' ],
396 silly audit   '@esbuild/darwin-x64': [ '0.18.20' ],
396 silly audit   '@esbuild/freebsd-arm64': [ '0.18.20' ],
396 silly audit   '@esbuild/freebsd-x64': [ '0.18.20' ],
396 silly audit   '@esbuild/linux-arm': [ '0.18.20' ],
396 silly audit   '@esbuild/linux-arm64': [ '0.18.20' ],
396 silly audit   '@esbuild/linux-ia32': [ '0.18.20' ],
396 silly audit   '@esbuild/linux-loong64': [ '0.18.20' ],
396 silly audit   '@esbuild/linux-mips64el': [ '0.18.20' ],
396 silly audit   '@esbuild/linux-ppc64': [ '0.18.20' ],
396 silly audit   '@esbuild/linux-riscv64': [ '0.18.20' ],
396 silly audit   '@esbuild/linux-s390x': [ '0.18.20' ],
396 silly audit   '@esbuild/linux-x64': [ '0.18.20' ],
396 silly audit   '@esbuild/netbsd-x64': [ '0.18.20' ],
396 silly audit   '@esbuild/openbsd-x64': [ '0.18.20' ],
396 silly audit   '@esbuild/sunos-x64': [ '0.18.20' ],
396 silly audit   '@esbuild/win32-arm64': [ '0.18.20' ],
396 silly audit   '@esbuild/win32-ia32': [ '0.18.20' ],
396 silly audit   '@esbuild/win32-x64': [ '0.18.20' ],
396 silly audit   '@eslint-community/eslint-utils': [ '4.4.0' ],
396 silly audit   '@eslint-community/regexpp': [ '4.9.1' ],
396 silly audit   '@eslint/eslintrc': [ '2.1.2' ],
396 silly audit   '@eslint/js': [ '8.51.0' ],
396 silly audit   '@fastify/busboy': [ '2.0.0' ],
396 silly audit   '@humanwhocodes/config-array': [ '0.11.13' ],
396 silly audit   '@humanwhocodes/module-importer': [ '1.0.1' ],
396 silly audit   '@humanwhocodes/object-schema': [ '2.0.1' ],
396 silly audit   '@jridgewell/gen-mapping': [ '0.3.3' ],
396 silly audit   '@jridgewell/resolve-uri': [ '3.1.1' ],
396 silly audit   '@jridgewell/set-array': [ '1.1.2' ],
396 silly audit   '@jridgewell/sourcemap-codec': [ '1.4.15' ],
396 silly audit   '@jridgewell/trace-mapping': [ '0.3.20' ],
396 silly audit   '@nodelib/fs.scandir': [ '2.1.5' ],
396 silly audit   '@nodelib/fs.stat': [ '2.0.5' ],
396 silly audit   '@nodelib/fs.walk': [ '1.2.8' ],
396 silly audit   '@pkgr/utils': [ '2.4.2' ],
396 silly audit   '@polka/url': [ '1.0.0-next.23' ],
396 silly audit   '@sveltejs/adapter-auto': [ '2.1.0' ],
396 silly audit   '@sveltejs/kit': [ '1.26.0' ],
396 silly audit   '@sveltejs/vite-plugin-svelte': [ '2.4.6' ],
396 silly audit   '@sveltejs/vite-plugin-svelte-inspector': [ '1.0.4' ],
396 silly audit   '@types/cookie': [ '0.5.3' ],
396 silly audit   '@types/estree': [ '1.0.3' ],
396 silly audit   '@types/json-schema': [ '7.0.14' ],
396 silly audit   '@types/pug': [ '2.0.8' ],
396 silly audit   '@types/semver': [ '7.5.4' ],
396 silly audit   '@typescript-eslint/eslint-plugin': [ '6.8.0' ],
396 silly audit   '@typescript-eslint/parser': [ '6.8.0' ],
396 silly audit   '@typescript-eslint/scope-manager': [ '6.8.0' ],
396 silly audit   '@typescript-eslint/type-utils': [ '6.8.0' ],
396 silly audit   '@typescript-eslint/types': [ '6.8.0' ],
396 silly audit   '@typescript-eslint/typescript-estree': [ '6.8.0' ],
396 silly audit   '@typescript-eslint/utils': [ '6.8.0' ],
396 silly audit   '@typescript-eslint/visitor-keys': [ '6.8.0' ],
396 silly audit   acorn: [ '8.10.0' ],
396 silly audit   'acorn-jsx': [ '5.3.2' ],
396 silly audit   ajv: [ '6.12.6' ],
396 silly audit   'ansi-regex': [ '5.0.1' ],
396 silly audit   'ansi-styles': [ '4.3.0' ],
396 silly audit   anymatch: [ '3.1.3' ],
396 silly audit   argparse: [ '2.0.1' ],
396 silly audit   'aria-query': [ '5.3.0' ],
396 silly audit   'array-union': [ '2.1.0' ],
396 silly audit   'axobject-query': [ '3.2.1' ],
396 silly audit   'balanced-match': [ '1.0.2' ],
396 silly audit   'big-integer': [ '1.6.51' ],
396 silly audit   'binary-extensions': [ '2.2.0' ],
396 silly audit   'bplist-parser': [ '0.2.0' ],
396 silly audit   'brace-expansion': [ '1.1.11' ],
396 silly audit   braces: [ '3.0.2' ],
396 silly audit   'buffer-crc32': [ '0.2.13' ],
396 silly audit   'bundle-name': [ '3.0.0' ],
396 silly audit   callsites: [ '3.1.0' ],
396 silly audit   chalk: [ '4.1.2' ],
396 silly audit   chokidar: [ '3.5.3' ],
396 silly audit   'glob-parent': [ '5.1.2', '6.0.2' ],
396 silly audit   'code-red': [ '1.0.4' ],
396 silly audit   'color-convert': [ '2.0.1' ],
396 silly audit   'color-name': [ '1.1.4' ],
396 silly audit   'concat-map': [ '0.0.1' ],
396 silly audit   cookie: [ '0.5.0' ],
396 silly audit   'cross-spawn': [ '7.0.3' ],
396 silly audit   'css-tree': [ '2.3.1' ],
396 silly audit   cssesc: [ '3.0.0' ],
396 silly audit   debug: [ '4.3.4', '3.2.7' ],
396 silly audit   'deep-is': [ '0.1.4' ],
396 silly audit   deepmerge: [ '4.3.1' ],
396 silly audit   'default-browser': [ '4.0.0' ],
396 silly audit   'default-browser-id': [ '3.0.0' ],
396 silly audit   'define-lazy-prop': [ '3.0.0' ],
396 silly audit   dequal: [ '2.0.3' ],
396 silly audit   'detect-indent': [ '6.1.0' ],
396 silly audit   devalue: [ '4.3.2' ],
396 silly audit   'dir-glob': [ '3.0.1' ],
396 silly audit   doctrine: [ '3.0.0', '2.1.0' ],
396 silly audit   'es6-promise': [ '3.3.1' ],
396 silly audit   esbuild: [ '0.18.20' ],
396 silly audit   'escape-string-regexp': [ '4.0.0' ],
396 silly audit   'eslint-config-prettier': [ '9.0.0' ],
396 silly audit   'eslint-plugin-prettier': [ '5.0.1' ],
396 silly audit   'eslint-plugin-svelte': [ '2.34.0' ],
396 silly audit   'eslint-scope': [ '7.2.2' ],
396 silly audit   'eslint-visitor-keys': [ '3.4.3' ],
396 silly audit   'esm-env': [ '1.0.0' ],
396 silly audit   espree: [ '9.6.1' ],
396 silly audit   esquery: [ '1.5.0' ],
396 silly audit   esrecurse: [ '4.3.0' ],
396 silly audit   estraverse: [ '5.3.0' ],
396 silly audit   'estree-walker': [ '3.0.3' ],
396 silly audit   esutils: [ '2.0.3' ],
396 silly audit   execa: [ '7.2.0', '5.1.1' ],
396 silly audit   'fast-deep-equal': [ '3.1.3' ],
396 silly audit   'fast-diff': [ '1.3.0' ],
396 silly audit   'fast-glob': [ '3.3.1' ],
396 silly audit   'fast-json-stable-stringify': [ '2.1.0' ],
396 silly audit   'fast-levenshtein': [ '2.0.6' ],
396 silly audit   fastq: [ '1.15.0' ],
396 silly audit   'file-entry-cache': [ '6.0.1' ],
396 silly audit   'fill-range': [ '7.0.1' ],
396 silly audit   'find-up': [ '5.0.0' ],
396 silly audit   'flat-cache': [ '3.1.1' ],
396 silly audit   flatted: [ '3.2.9' ],
396 silly audit   'fs.realpath': [ '1.0.0' ],
396 silly audit   fsevents: [ '2.3.3' ],
396 silly audit   'get-stream': [ '6.0.1' ],
396 silly audit   glob: [ '7.2.3' ],
396 silly audit   globals: [ '13.23.0' ],
396 silly audit   globalyzer: [ '0.1.0' ],
396 silly audit   globby: [ '11.1.0' ],
396 silly audit   globrex: [ '0.1.2' ],
396 silly audit   'graceful-fs': [ '4.2.11' ],
396 silly audit   graphemer: [ '1.4.0' ],
396 silly audit   'has-flag': [ '4.0.0' ],
396 silly audit   'human-signals': [ '4.3.1', '2.1.0' ],
396 silly audit   ignore: [ '5.2.4' ],
396 silly audit   'import-fresh': [ '3.3.0' ],
396 silly audit   'import-meta-resolve': [ '3.0.0' ],
396 silly audit   imurmurhash: [ '0.1.4' ],
396 silly audit   inflight: [ '1.0.6' ],
396 silly audit   inherits: [ '2.0.4' ],
396 silly audit   'is-binary-path': [ '2.1.0' ],
396 silly audit   'is-docker': [ '3.0.0', '2.2.1' ],
396 silly audit   'is-extglob': [ '2.1.1' ],
396 silly audit   'is-glob': [ '4.0.3' ],
396 silly audit   'is-inside-container': [ '1.0.0' ],
396 silly audit   'is-number': [ '7.0.0' ],
396 silly audit   'is-path-inside': [ '3.0.3' ],
396 silly audit   'is-reference': [ '3.0.2' ],
396 silly audit   'is-stream': [ '3.0.0', '2.0.1' ],
396 silly audit   'is-wsl': [ '2.2.0' ],
396 silly audit   isexe: [ '2.0.0' ],
396 silly audit   'js-yaml': [ '4.1.0' ],
396 silly audit   'json-buffer': [ '3.0.1' ],
396 silly audit   'json-schema-traverse': [ '0.4.1' ],
396 silly audit   'json-stable-stringify-without-jsonify': [ '1.0.1' ],
396 silly audit   keyv: [ '4.5.4' ],
396 silly audit   kleur: [ '4.1.5' ],
396 silly audit   'known-css-properties': [ '0.28.0' ],
396 silly audit   levn: [ '0.4.1' ],
396 silly audit   lilconfig: [ '2.1.0' ],
396 silly audit   'locate-character': [ '3.0.0' ],
396 silly audit   'locate-path': [ '6.0.0' ],
396 silly audit   'lodash.merge': [ '4.6.2' ],
396 silly audit   'lru-cache': [ '6.0.0' ],
396 silly audit   'magic-string': [ '0.30.5', '0.27.0' ],
396 silly audit   'mdn-data': [ '2.0.30' ],
396 silly audit   'merge-stream': [ '2.0.0' ],
396 silly audit   merge2: [ '1.4.1' ],
396 silly audit   micromatch: [ '4.0.5' ],
396 silly audit   'mimic-fn': [ '4.0.0', '2.1.0' ],
396 silly audit   'min-indent': [ '1.0.1' ],
396 silly audit   minimatch: [ '3.1.2' ],
396 silly audit   minimist: [ '1.2.8' ],
396 silly audit   mkdirp: [ '0.5.6' ],
396 silly audit   mri: [ '1.2.0' ],
396 silly audit   mrmime: [ '1.0.1' ],
396 silly audit   ms: [ '2.1.2' ],
396 silly audit   nanoid: [ '3.3.6' ],
396 silly audit   'natural-compare': [ '1.4.0' ],
396 silly audit   'normalize-path': [ '3.0.0' ],
396 silly audit   'npm-run-path': [ '5.1.0', '4.0.1' ],
396 silly audit   'path-key': [ '4.0.0', '3.1.1' ],
396 silly audit   once: [ '1.4.0' ],
396 silly audit   onetime: [ '6.0.0', '5.1.2' ],
396 silly audit   open: [ '9.1.0' ],
396 silly audit   optionator: [ '0.9.3' ],
396 silly audit   'p-limit': [ '3.1.0' ],
396 silly audit   'p-locate': [ '5.0.0' ],
396 silly audit   'parent-module': [ '1.0.1' ],
396 silly audit   'path-exists': [ '4.0.0' ],
396 silly audit   'path-is-absolute': [ '1.0.1' ],
396 silly audit   'path-type': [ '4.0.0' ],
396 silly audit   periscopic: [ '3.1.0' ],
396 silly audit   picocolors: [ '1.0.0' ],
396 silly audit   picomatch: [ '2.3.1' ],
396 silly audit   postcss: [ '8.4.31' ],
396 silly audit   'postcss-load-config': [ '3.1.4' ],
396 silly audit   'postcss-safe-parser': [ '6.0.0' ],
396 silly audit   'postcss-scss': [ '4.0.9' ],
396 silly audit   'postcss-selector-parser': [ '6.0.13' ],
396 silly audit   'prelude-ls': [ '1.2.1' ],
396 silly audit   prettier: [ '3.0.3' ],
396 silly audit   'prettier-linter-helpers': [ '1.0.0' ],
396 silly audit   'prettier-plugin-svelte': [ '3.0.3' ],
396 silly audit   punycode: [ '2.3.0' ],
396 silly audit   'queue-microtask': [ '1.2.3' ],
396 silly audit   readdirp: [ '3.6.0' ],
396 silly audit   'resolve-from': [ '4.0.0' ],
396 silly audit   reusify: [ '1.0.4' ],
396 silly audit   rimraf: [ '3.0.2', '2.7.1' ],
396 silly audit   rollup: [ '3.29.4' ],
396 silly audit   'run-applescript': [ '5.0.0' ],
396 silly audit   'strip-final-newline': [ '2.0.0', '3.0.0' ],
396 silly audit   'run-parallel': [ '1.2.0' ],
396 silly audit   sade: [ '1.8.1' ],
396 silly audit   sander: [ '0.5.1' ],
396 silly audit   semver: [ '7.5.4', '6.3.1' ],
396 silly audit   'set-cookie-parser': [ '2.6.0' ],
396 silly audit   'shebang-command': [ '2.0.0' ],
396 silly audit   'shebang-regex': [ '3.0.0' ],
396 silly audit   'signal-exit': [ '3.0.7' ],
396 silly audit   sirv: [ '2.0.3' ],
396 silly audit   slash: [ '3.0.0' ],
396 silly audit   sorcery: [ '0.11.0' ],
396 silly audit   'source-map-js': [ '1.0.2' ],
396 silly audit   'strip-ansi': [ '6.0.1' ],
396 silly audit   'strip-indent': [ '3.0.0' ],
396 silly audit   'strip-json-comments': [ '3.1.1' ],
396 silly audit   'supports-color': [ '7.2.0' ],
396 silly audit   svelte: [ '4.2.2' ],
396 silly audit   'svelte-check': [ '3.5.2' ],
396 silly audit   'svelte-eslint-parser': [ '0.33.1' ],
396 silly audit   'svelte-hmr': [ '0.15.3' ],
396 silly audit   'svelte-preprocess': [ '5.0.4' ],
396 silly audit   synckit: [ '0.8.5' ],
396 silly audit   'text-table': [ '0.2.0' ],
396 silly audit   'tiny-glob': [ '0.2.9' ],
396 silly audit   titleize: [ '3.0.0' ],
396 silly audit   'to-regex-range': [ '5.0.1' ],
396 silly audit   totalist: [ '3.0.1' ],
396 silly audit   'ts-api-utils': [ '1.0.3' ],
396 silly audit   tslib: [ '2.6.2' ],
396 silly audit   'type-check': [ '0.4.0' ],
396 silly audit   'type-fest': [ '0.20.2' ],
396 silly audit   typescript: [ '5.2.2' ],
396 silly audit   undici: [ '5.26.4' ],
396 silly audit   untildify: [ '4.0.0' ],
396 silly audit   'uri-js': [ '4.4.1' ],
396 silly audit   'util-deprecate': [ '1.0.2' ],
396 silly audit   vite: [ '4.5.0' ],
396 silly audit   vitefu: [ '0.2.5' ],
396 silly audit   which: [ '2.0.2' ],
396 silly audit   wrappy: [ '1.0.2' ],
396 silly audit   yallist: [ '4.0.0' ],
396 silly audit   yaml: [ '1.10.2' ],
396 silly audit   'yocto-queue': [ '0.1.0' ],
396 silly audit   eslint: [ '8.51.0' ],
396 silly audit   'eslint-config-airbnb-base': [ '15.0.0' ],
396 silly audit   'eslint-plugin-import': [ '2.28.1' ],
396 silly audit   'confusing-browser-globals': [ '1.0.11' ],
396 silly audit   'object.assign': [ '4.1.4' ],
396 silly audit   'object.entries': [ '1.1.7' ],
396 silly audit   'array-includes': [ '3.1.7' ],
396 silly audit   'array.prototype.findlastindex': [ '1.2.3' ],
396 silly audit   'array.prototype.flat': [ '1.3.2' ],
396 silly audit   'array.prototype.flatmap': [ '1.3.2' ],
396 silly audit   'eslint-import-resolver-node': [ '0.3.9' ],
396 silly audit   'eslint-module-utils': [ '2.8.0' ],
396 silly audit   has: [ '1.0.4' ],
396 silly audit   'is-core-module': [ '2.13.0' ],
396 silly audit   'object.fromentries': [ '2.0.7' ],
396 silly audit   'object.groupby': [ '1.0.1' ],
396 silly audit   'object.values': [ '1.1.7' ],
396 silly audit   'tsconfig-paths': [ '3.14.2' ],
396 silly audit   'call-bind': [ '1.0.5' ],
396 silly audit   'define-properties': [ '1.2.1' ],
396 silly audit   'es-abstract': [ '1.22.2' ],
396 silly audit   'get-intrinsic': [ '1.2.1' ],
396 silly audit   'is-string': [ '1.0.7' ],
396 silly audit   'es-shim-unscopables': [ '1.0.0' ],
396 silly audit   'function-bind': [ '1.1.2' ],
396 silly audit   'set-function-length': [ '1.1.1' ],
396 silly audit   'define-data-property': [ '1.1.1' ],
396 silly audit   'has-property-descriptors': [ '1.0.0' ],
396 silly audit   'object-keys': [ '1.1.1' ],
396 silly audit   gopd: [ '1.0.1' ],
396 silly audit   'array-buffer-byte-length': [ '1.0.0' ],
396 silly audit   'arraybuffer.prototype.slice': [ '1.0.2' ],
396 silly audit   'available-typed-arrays': [ '1.0.5' ],
396 silly audit   'es-set-tostringtag': [ '2.0.1' ],
396 silly audit   'es-to-primitive': [ '1.2.1' ],
396 silly audit   'function.prototype.name': [ '1.1.6' ],
396 silly audit   'get-symbol-description': [ '1.0.0' ],
396 silly audit   globalthis: [ '1.0.3' ],
396 silly audit   'has-proto': [ '1.0.1' ],
396 silly audit   'has-symbols': [ '1.0.3' ],
396 silly audit   'internal-slot': [ '1.0.5' ],
396 silly audit   'is-array-buffer': [ '3.0.2' ],
396 silly audit   'is-callable': [ '1.2.7' ],
396 silly audit   'is-negative-zero': [ '2.0.2' ],
396 silly audit   'is-regex': [ '1.1.4' ],
396 silly audit   'is-shared-array-buffer': [ '1.0.2' ],
396 silly audit   'is-typed-array': [ '1.1.12' ],
396 silly audit   'is-weakref': [ '1.0.2' ],
396 silly audit   'object-inspect': [ '1.13.1' ],
396 silly audit   'regexp.prototype.flags': [ '1.5.1' ],
396 silly audit   'safe-array-concat': [ '1.0.1' ],
396 silly audit   'safe-regex-test': [ '1.0.0' ],
396 silly audit   'string.prototype.trim': [ '1.2.8' ],
396 silly audit   'string.prototype.trimend': [ '1.0.7' ],
396 silly audit   'string.prototype.trimstart': [ '1.0.7' ],
396 silly audit   'typed-array-buffer': [ '1.0.0' ],
396 silly audit   'typed-array-byte-length': [ '1.0.0' ],
396 silly audit   'typed-array-byte-offset': [ '1.0.0' ],
396 silly audit   'typed-array-length': [ '1.0.4' ],
396 silly audit   'unbox-primitive': [ '1.0.2' ],
396 silly audit   'which-typed-array': [ '1.1.13' ],
396 silly audit   'has-tostringtag': [ '1.0.0' ],
396 silly audit   'is-date-object': [ '1.0.5' ],
396 silly audit   'is-symbol': [ '1.0.4' ],
396 silly audit   resolve: [ '1.22.8' ],
396 silly audit   'functions-have-names': [ '1.2.3' ],
396 silly audit   'side-channel': [ '1.0.4' ],
396 silly audit   'set-function-name': [ '2.0.1' ],
396 silly audit   'path-parse': [ '1.0.7' ],
396 silly audit   'supports-preserve-symlinks-flag': [ '1.0.0' ],
396 silly audit   isarray: [ '2.0.5' ],
396 silly audit   '@types/json5': [ '0.0.29' ],
396 silly audit   json5: [ '1.0.2' ],
396 silly audit   'strip-bom': [ '3.0.0' ],
396 silly audit   'for-each': [ '0.3.3' ],
396 silly audit   'has-bigints': [ '1.0.2' ],
396 silly audit   'which-boxed-primitive': [ '1.0.2' ],
396 silly audit   'is-bigint': [ '1.0.4' ],
396 silly audit   'is-boolean-object': [ '1.1.2' ],
396 silly audit   'is-number-object': [ '1.0.7' ]
396 silly audit }
397 verbose reify failed optional dependency /airbnb-eslint-prettier-sveltekit/node_modules/fsevents
398 silly reify mark deleted [
398 silly reify   '/airbnb-eslint-prettier-sveltekit/node_modules/fsevents'
398 silly reify ]
399 verbose reify failed optional dependency /airbnb-eslint-prettier-sveltekit/node_modules/@esbuild/win32-x64
400 silly reify mark deleted [
400 silly reify   '/airbnb-eslint-prettier-sveltekit/node_modules/@esbuild/win32-x64'
400 silly reify ]
401 verbose reify failed optional dependency /airbnb-eslint-prettier-sveltekit/node_modules/@esbuild/win32-ia32
402 silly reify mark deleted [
402 silly reify   '/airbnb-eslint-prettier-sveltekit/node_modules/@esbuild/win32-ia32'
402 silly reify ]
403 verbose reify failed optional dependency /airbnb-eslint-prettier-sveltekit/node_modules/@esbuild/win32-arm64
404 silly reify mark deleted [
404 silly reify   '/airbnb-eslint-prettier-sveltekit/node_modules/@esbuild/win32-arm64'
404 silly reify ]
405 verbose reify failed optional dependency /airbnb-eslint-prettier-sveltekit/node_modules/@esbuild/sunos-x64
406 silly reify mark deleted [
406 silly reify   '/airbnb-eslint-prettier-sveltekit/node_modules/@esbuild/sunos-x64'
406 silly reify ]
407 verbose reify failed optional dependency /airbnb-eslint-prettier-sveltekit/node_modules/@esbuild/openbsd-x64
408 silly reify mark deleted [
408 silly reify   '/airbnb-eslint-prettier-sveltekit/node_modules/@esbuild/openbsd-x64'
408 silly reify ]
409 verbose reify failed optional dependency /airbnb-eslint-prettier-sveltekit/node_modules/@esbuild/netbsd-x64
410 silly reify mark deleted [
410 silly reify   '/airbnb-eslint-prettier-sveltekit/node_modules/@esbuild/netbsd-x64'
410 silly reify ]
411 verbose reify failed optional dependency /airbnb-eslint-prettier-sveltekit/node_modules/@esbuild/linux-s390x
412 silly reify mark deleted [
412 silly reify   '/airbnb-eslint-prettier-sveltekit/node_modules/@esbuild/linux-s390x'
412 silly reify ]
413 verbose reify failed optional dependency /airbnb-eslint-prettier-sveltekit/node_modules/@esbuild/linux-riscv64
414 silly reify mark deleted [
414 silly reify   '/airbnb-eslint-prettier-sveltekit/node_modules/@esbuild/linux-riscv64'
414 silly reify ]
415 verbose reify failed optional dependency /airbnb-eslint-prettier-sveltekit/node_modules/@esbuild/linux-ppc64
416 silly reify mark deleted [
416 silly reify   '/airbnb-eslint-prettier-sveltekit/node_modules/@esbuild/linux-ppc64'
416 silly reify ]
417 verbose reify failed optional dependency /airbnb-eslint-prettier-sveltekit/node_modules/@esbuild/linux-mips64el
418 silly reify mark deleted [
418 silly reify   '/airbnb-eslint-prettier-sveltekit/node_modules/@esbuild/linux-mips64el'
418 silly reify ]
419 verbose reify failed optional dependency /airbnb-eslint-prettier-sveltekit/node_modules/@esbuild/linux-loong64
420 silly reify mark deleted [
420 silly reify   '/airbnb-eslint-prettier-sveltekit/node_modules/@esbuild/linux-loong64'
420 silly reify ]
421 verbose reify failed optional dependency /airbnb-eslint-prettier-sveltekit/node_modules/@esbuild/linux-ia32
422 silly reify mark deleted [
422 silly reify   '/airbnb-eslint-prettier-sveltekit/node_modules/@esbuild/linux-ia32'
422 silly reify ]
423 verbose reify failed optional dependency /airbnb-eslint-prettier-sveltekit/node_modules/@esbuild/linux-arm64
424 silly reify mark deleted [
424 silly reify   '/airbnb-eslint-prettier-sveltekit/node_modules/@esbuild/linux-arm64'
424 silly reify ]
425 verbose reify failed optional dependency /airbnb-eslint-prettier-sveltekit/node_modules/@esbuild/linux-arm
426 silly reify mark deleted [
426 silly reify   '/airbnb-eslint-prettier-sveltekit/node_modules/@esbuild/linux-arm'
426 silly reify ]
427 verbose reify failed optional dependency /airbnb-eslint-prettier-sveltekit/node_modules/@esbuild/freebsd-x64
428 silly reify mark deleted [
428 silly reify   '/airbnb-eslint-prettier-sveltekit/node_modules/@esbuild/freebsd-x64'
428 silly reify ]
429 verbose reify failed optional dependency /airbnb-eslint-prettier-sveltekit/node_modules/@esbuild/freebsd-arm64
430 silly reify mark deleted [
430 silly reify   '/airbnb-eslint-prettier-sveltekit/node_modules/@esbuild/freebsd-arm64'
430 silly reify ]
431 verbose reify failed optional dependency /airbnb-eslint-prettier-sveltekit/node_modules/@esbuild/darwin-x64
432 silly reify mark deleted [
432 silly reify   '/airbnb-eslint-prettier-sveltekit/node_modules/@esbuild/darwin-x64'
432 silly reify ]
433 verbose reify failed optional dependency /airbnb-eslint-prettier-sveltekit/node_modules/@esbuild/darwin-arm64
434 silly reify mark deleted [
434 silly reify   '/airbnb-eslint-prettier-sveltekit/node_modules/@esbuild/darwin-arm64'
434 silly reify ]
435 verbose reify failed optional dependency /airbnb-eslint-prettier-sveltekit/node_modules/@esbuild/android-x64
436 silly reify mark deleted [
436 silly reify   '/airbnb-eslint-prettier-sveltekit/node_modules/@esbuild/android-x64'
436 silly reify ]
437 verbose reify failed optional dependency /airbnb-eslint-prettier-sveltekit/node_modules/@esbuild/android-arm64
438 silly reify mark deleted [
438 silly reify   '/airbnb-eslint-prettier-sveltekit/node_modules/@esbuild/android-arm64'
438 silly reify ]
439 verbose reify failed optional dependency /airbnb-eslint-prettier-sveltekit/node_modules/@esbuild/android-arm
440 silly reify mark deleted [
440 silly reify   '/airbnb-eslint-prettier-sveltekit/node_modules/@esbuild/android-arm'
440 silly reify ]
441 timing reifyNode:node_modules/fsevents Completed in 14ms
442 timing reifyNode:node_modules/@esbuild/win32-x64 Completed in 14ms
443 timing reifyNode:node_modules/@esbuild/win32-ia32 Completed in 14ms
444 timing reifyNode:node_modules/@esbuild/win32-arm64 Completed in 14ms
445 timing reifyNode:node_modules/@esbuild/sunos-x64 Completed in 14ms
446 timing reifyNode:node_modules/@esbuild/openbsd-x64 Completed in 14ms
447 timing reifyNode:node_modules/@esbuild/netbsd-x64 Completed in 14ms
448 timing reifyNode:node_modules/@esbuild/linux-s390x Completed in 14ms
449 timing reifyNode:node_modules/@esbuild/linux-riscv64 Completed in 14ms
450 timing reifyNode:node_modules/@esbuild/linux-ppc64 Completed in 14ms
451 timing reifyNode:node_modules/@esbuild/linux-mips64el Completed in 14ms
452 timing reifyNode:node_modules/@esbuild/linux-loong64 Completed in 14ms
453 timing reifyNode:node_modules/@esbuild/linux-ia32 Completed in 14ms
454 timing reifyNode:node_modules/@esbuild/linux-arm64 Completed in 14ms
455 timing reifyNode:node_modules/@esbuild/linux-arm Completed in 14ms
456 timing reifyNode:node_modules/@esbuild/freebsd-x64 Completed in 14ms
457 timing reifyNode:node_modules/@esbuild/freebsd-arm64 Completed in 15ms
458 timing reifyNode:node_modules/@esbuild/darwin-x64 Completed in 15ms
459 timing reifyNode:node_modules/@esbuild/darwin-arm64 Completed in 15ms
460 timing reifyNode:node_modules/@esbuild/android-x64 Completed in 15ms
461 timing reifyNode:node_modules/@esbuild/android-arm64 Completed in 15ms
462 timing reifyNode:node_modules/@esbuild/android-arm Completed in 15ms
463 silly tarball no local data for is-number-object@https://registry.npmjs.org/is-number-object/-/is-number-object-1.0.7.tgz. Extracting by manifest.
464 silly tarball no local data for is-boolean-object@https://registry.npmjs.org/is-boolean-object/-/is-boolean-object-1.1.2.tgz. Extracting by manifest.
465 silly tarball no local data for which-boxed-primitive@https://registry.npmjs.org/which-boxed-primitive/-/which-boxed-primitive-1.0.2.tgz. Extracting by manifest.
466 silly tarball no local data for is-bigint@https://registry.npmjs.org/is-bigint/-/is-bigint-1.0.4.tgz. Extracting by manifest.
467 silly tarball no local data for has-bigints@https://registry.npmjs.org/has-bigints/-/has-bigints-1.0.2.tgz. Extracting by manifest.
468 silly tarball no local data for strip-bom@https://registry.npmjs.org/strip-bom/-/strip-bom-3.0.0.tgz. Extracting by manifest.
469 silly tarball no local data for json5@https://registry.npmjs.org/json5/-/json5-1.0.2.tgz. Extracting by manifest.
470 silly tarball no local data for for-each@https://registry.npmjs.org/for-each/-/for-each-0.3.3.tgz. Extracting by manifest.
471 silly tarball no local data for supports-preserve-symlinks-flag@https://registry.npmjs.org/supports-preserve-symlinks-flag/-/supports-preserve-symlinks-flag-1.0.0.tgz. Extracting by manifest.
472 silly tarball no local data for isarray@https://registry.npmjs.org/isarray/-/isarray-2.0.5.tgz. Extracting by manifest.
473 silly tarball no local data for @types/json5@https://registry.npmjs.org/@types/json5/-/json5-0.0.29.tgz. Extracting by manifest.
474 silly tarball no local data for path-parse@https://registry.npmjs.org/path-parse/-/path-parse-1.0.7.tgz. Extracting by manifest.
475 silly tarball no local data for set-function-name@https://registry.npmjs.org/set-function-name/-/set-function-name-2.0.1.tgz. Extracting by manifest.
476 silly tarball no local data for side-channel@https://registry.npmjs.org/side-channel/-/side-channel-1.0.4.tgz. Extracting by manifest.
477 silly tarball no local data for is-date-object@https://registry.npmjs.org/is-date-object/-/is-date-object-1.0.5.tgz. Extracting by manifest.
478 silly tarball no local data for functions-have-names@https://registry.npmjs.org/functions-have-names/-/functions-have-names-1.2.3.tgz. Extracting by manifest.
479 silly tarball no local data for is-symbol@https://registry.npmjs.org/is-symbol/-/is-symbol-1.0.4.tgz. Extracting by manifest.
480 silly tarball no local data for resolve@https://registry.npmjs.org/resolve/-/resolve-1.22.8.tgz. Extracting by manifest.
481 silly tarball no local data for has-tostringtag@https://registry.npmjs.org/has-tostringtag/-/has-tostringtag-1.0.0.tgz. Extracting by manifest.
482 silly tarball no local data for unbox-primitive@https://registry.npmjs.org/unbox-primitive/-/unbox-primitive-1.0.2.tgz. Extracting by manifest.
483 silly tarball no local data for which-typed-array@https://registry.npmjs.org/which-typed-array/-/which-typed-array-1.1.13.tgz. Extracting by manifest.
484 silly tarball no local data for typed-array-byte-offset@https://registry.npmjs.org/typed-array-byte-offset/-/typed-array-byte-offset-1.0.0.tgz. Extracting by manifest.
485 silly tarball no local data for typed-array-byte-length@https://registry.npmjs.org/typed-array-byte-length/-/typed-array-byte-length-1.0.0.tgz. Extracting by manifest.
486 silly tarball no local data for typed-array-length@https://registry.npmjs.org/typed-array-length/-/typed-array-length-1.0.4.tgz. Extracting by manifest.
487 silly tarball no local data for string.prototype.trimstart@https://registry.npmjs.org/string.prototype.trimstart/-/string.prototype.trimstart-1.0.7.tgz. Extracting by manifest.
488 silly tarball no local data for typed-array-buffer@https://registry.npmjs.org/typed-array-buffer/-/typed-array-buffer-1.0.0.tgz. Extracting by manifest.
489 silly tarball no local data for string.prototype.trimend@https://registry.npmjs.org/string.prototype.trimend/-/string.prototype.trimend-1.0.7.tgz. Extracting by manifest.
490 silly tarball no local data for string.prototype.trim@https://registry.npmjs.org/string.prototype.trim/-/string.prototype.trim-1.2.8.tgz. Extracting by manifest.
491 silly tarball no local data for safe-regex-test@https://registry.npmjs.org/safe-regex-test/-/safe-regex-test-1.0.0.tgz. Extracting by manifest.
492 silly tarball no local data for regexp.prototype.flags@https://registry.npmjs.org/regexp.prototype.flags/-/regexp.prototype.flags-1.5.1.tgz. Extracting by manifest.
493 silly tarball no local data for safe-array-concat@https://registry.npmjs.org/safe-array-concat/-/safe-array-concat-1.0.1.tgz. Extracting by manifest.
494 silly tarball no local data for is-weakref@https://registry.npmjs.org/is-weakref/-/is-weakref-1.0.2.tgz. Extracting by manifest.
495 silly tarball no local data for is-typed-array@https://registry.npmjs.org/is-typed-array/-/is-typed-array-1.1.12.tgz. Extracting by manifest.
496 silly tarball no local data for object-inspect@https://registry.npmjs.org/object-inspect/-/object-inspect-1.13.1.tgz. Extracting by manifest.
497 silly tarball no local data for is-regex@https://registry.npmjs.org/is-regex/-/is-regex-1.1.4.tgz. Extracting by manifest.
498 silly tarball no local data for is-shared-array-buffer@https://registry.npmjs.org/is-shared-array-buffer/-/is-shared-array-buffer-1.0.2.tgz. Extracting by manifest.
499 silly tarball no local data for is-negative-zero@https://registry.npmjs.org/is-negative-zero/-/is-negative-zero-2.0.2.tgz. Extracting by manifest.
500 silly tarball no local data for is-array-buffer@https://registry.npmjs.org/is-array-buffer/-/is-array-buffer-3.0.2.tgz. Extracting by manifest.
501 silly tarball no local data for is-callable@https://registry.npmjs.org/is-callable/-/is-callable-1.2.7.tgz. Extracting by manifest.
502 silly tarball no local data for has-symbols@https://registry.npmjs.org/has-symbols/-/has-symbols-1.0.3.tgz. Extracting by manifest.
503 silly tarball no local data for internal-slot@https://registry.npmjs.org/internal-slot/-/internal-slot-1.0.5.tgz. Extracting by manifest.
504 silly tarball no local data for has-proto@https://registry.npmjs.org/has-proto/-/has-proto-1.0.1.tgz. Extracting by manifest.
505 silly tarball no local data for get-symbol-description@https://registry.npmjs.org/get-symbol-description/-/get-symbol-description-1.0.0.tgz. Extracting by manifest.
506 silly tarball no local data for globalthis@https://registry.npmjs.org/globalthis/-/globalthis-1.0.3.tgz. Extracting by manifest.
507 silly tarball no local data for es-to-primitive@https://registry.npmjs.org/es-to-primitive/-/es-to-primitive-1.2.1.tgz. Extracting by manifest.
508 silly tarball no local data for es-set-tostringtag@https://registry.npmjs.org/es-set-tostringtag/-/es-set-tostringtag-2.0.1.tgz. Extracting by manifest.
509 silly tarball no local data for function.prototype.name@https://registry.npmjs.org/function.prototype.name/-/function.prototype.name-1.1.6.tgz. Extracting by manifest.
510 silly tarball no local data for available-typed-arrays@https://registry.npmjs.org/available-typed-arrays/-/available-typed-arrays-1.0.5.tgz. Extracting by manifest.
511 silly tarball no local data for arraybuffer.prototype.slice@https://registry.npmjs.org/arraybuffer.prototype.slice/-/arraybuffer.prototype.slice-1.0.2.tgz. Extracting by manifest.
512 silly tarball no local data for array-buffer-byte-length@https://registry.npmjs.org/array-buffer-byte-length/-/array-buffer-byte-length-1.0.0.tgz. Extracting by manifest.
513 silly tarball no local data for object-keys@https://registry.npmjs.org/object-keys/-/object-keys-1.1.1.tgz. Extracting by manifest.
514 silly tarball no local data for define-data-property@https://registry.npmjs.org/define-data-property/-/define-data-property-1.1.1.tgz. Extracting by manifest.
515 silly tarball no local data for gopd@https://registry.npmjs.org/gopd/-/gopd-1.0.1.tgz. Extracting by manifest.
516 silly tarball no local data for set-function-length@https://registry.npmjs.org/set-function-length/-/set-function-length-1.1.1.tgz. Extracting by manifest.
517 silly tarball no local data for has-property-descriptors@https://registry.npmjs.org/has-property-descriptors/-/has-property-descriptors-1.0.0.tgz. Extracting by manifest.
518 silly tarball no local data for function-bind@https://registry.npmjs.org/function-bind/-/function-bind-1.1.2.tgz. Extracting by manifest.
519 silly tarball no local data for is-string@https://registry.npmjs.org/is-string/-/is-string-1.0.7.tgz. Extracting by manifest.
520 silly tarball no local data for es-shim-unscopables@https://registry.npmjs.org/es-shim-unscopables/-/es-shim-unscopables-1.0.0.tgz. Extracting by manifest.
521 silly tarball no local data for es-abstract@https://registry.npmjs.org/es-abstract/-/es-abstract-1.22.2.tgz. Extracting by manifest.
522 silly tarball no local data for get-intrinsic@https://registry.npmjs.org/get-intrinsic/-/get-intrinsic-1.2.1.tgz. Extracting by manifest.
523 silly tarball no local data for define-properties@https://registry.npmjs.org/define-properties/-/define-properties-1.2.1.tgz. Extracting by manifest.
524 silly tarball no local data for call-bind@https://registry.npmjs.org/call-bind/-/call-bind-1.0.5.tgz. Extracting by manifest.
525 silly tarball no local data for object.values@https://registry.npmjs.org/object.values/-/object.values-1.1.7.tgz. Extracting by manifest.
526 silly tarball no local data for object.fromentries@https://registry.npmjs.org/object.fromentries/-/object.fromentries-2.0.7.tgz. Extracting by manifest.
527 silly tarball no local data for tsconfig-paths@https://registry.npmjs.org/tsconfig-paths/-/tsconfig-paths-3.14.2.tgz. Extracting by manifest.
528 silly tarball no local data for is-core-module@https://registry.npmjs.org/is-core-module/-/is-core-module-2.13.0.tgz. Extracting by manifest.
529 silly tarball no local data for has@https://registry.npmjs.org/has/-/has-1.0.4.tgz. Extracting by manifest.
530 silly tarball no local data for eslint-import-resolver-node@https://registry.npmjs.org/eslint-import-resolver-node/-/eslint-import-resolver-node-0.3.9.tgz. Extracting by manifest.
531 silly tarball no local data for eslint-module-utils@https://registry.npmjs.org/eslint-module-utils/-/eslint-module-utils-2.8.0.tgz. Extracting by manifest.
532 silly tarball no local data for object.groupby@https://registry.npmjs.org/object.groupby/-/object.groupby-1.0.1.tgz. Extracting by manifest.
533 silly tarball no local data for array.prototype.flatmap@https://registry.npmjs.org/array.prototype.flatmap/-/array.prototype.flatmap-1.3.2.tgz. Extracting by manifest.
534 silly tarball no local data for array.prototype.findlastindex@https://registry.npmjs.org/array.prototype.findlastindex/-/array.prototype.findlastindex-1.2.3.tgz. Extracting by manifest.
535 silly tarball no local data for array.prototype.flat@https://registry.npmjs.org/array.prototype.flat/-/array.prototype.flat-1.3.2.tgz. Extracting by manifest.
536 silly tarball no local data for array-includes@https://registry.npmjs.org/array-includes/-/array-includes-3.1.7.tgz. Extracting by manifest.
537 silly tarball no local data for object.assign@https://registry.npmjs.org/object.assign/-/object.assign-4.1.4.tgz. Extracting by manifest.
538 silly tarball no local data for object.entries@https://registry.npmjs.org/object.entries/-/object.entries-1.1.7.tgz. Extracting by manifest.
539 silly tarball no local data for eslint-plugin-import@https://registry.npmjs.org/eslint-plugin-import/-/eslint-plugin-import-2.28.1.tgz. Extracting by manifest.
540 silly tarball no local data for confusing-browser-globals@https://registry.npmjs.org/confusing-browser-globals/-/confusing-browser-globals-1.0.11.tgz. Extracting by manifest.
541 silly tarball no local data for eslint-config-airbnb-base@https://registry.npmjs.org/eslint-config-airbnb-base/-/eslint-config-airbnb-base-15.0.0.tgz. Extracting by manifest.
542 silly tarball no local data for debug@https://registry.npmjs.org/debug/-/debug-3.2.7.tgz. Extracting by manifest.
543 silly tarball no local data for doctrine@https://registry.npmjs.org/doctrine/-/doctrine-2.1.0.tgz. Extracting by manifest.
544 silly tarball no local data for debug@https://registry.npmjs.org/debug/-/debug-3.2.7.tgz. Extracting by manifest.
545 silly tarball no local data for debug@https://registry.npmjs.org/debug/-/debug-3.2.7.tgz. Extracting by manifest.
546 timing reifyNode:node_modules/eslint-plugin-import/node_modules/semver Completed in 190ms
547 timing reifyNode:node_modules/eslint-config-airbnb-base/node_modules/semver Completed in 192ms
548 http fetch GET 200 https://registry.npmjs.org/isarray/-/isarray-2.0.5.tgz 156ms (cache miss)
549 timing reifyNode:node_modules/isarray Completed in 195ms
550 http fetch GET 200 https://registry.npmjs.org/has-bigints/-/has-bigints-1.0.2.tgz 161ms (cache miss)
551 timing reifyNode:node_modules/has-bigints Completed in 197ms
552 http fetch GET 200 https://registry.npmjs.org/is-number-object/-/is-number-object-1.0.7.tgz 165ms (cache miss)
553 http fetch GET 200 https://registry.npmjs.org/supports-preserve-symlinks-flag/-/supports-preserve-symlinks-flag-1.0.0.tgz 160ms (cache miss)
554 http fetch GET 200 https://registry.npmjs.org/path-parse/-/path-parse-1.0.7.tgz 161ms (cache miss)
555 timing reifyNode:node_modules/path-parse Completed in 201ms
556 timing reifyNode:node_modules/supports-preserve-symlinks-flag Completed in 202ms
557 http fetch GET 200 https://registry.npmjs.org/set-function-name/-/set-function-name-2.0.1.tgz 161ms (cache miss)
558 timing reifyNode:node_modules/set-function-name Completed in 202ms
559 http fetch GET 200 https://registry.npmjs.org/strip-bom/-/strip-bom-3.0.0.tgz 167ms (cache miss)
560 timing reifyNode:node_modules/strip-bom Completed in 203ms
561 http fetch GET 200 https://registry.npmjs.org/for-each/-/for-each-0.3.3.tgz 177ms (cache miss)
562 timing reifyNode:node_modules/for-each Completed in 215ms
563 http fetch GET 200 https://registry.npmjs.org/@types/json5/-/json5-0.0.29.tgz 176ms (cache miss)
564 timing reifyNode:node_modules/@types/json5 Completed in 215ms
565 timing reifyNode:node_modules/is-number-object Completed in 216ms
566 http fetch GET 200 https://registry.npmjs.org/which-boxed-primitive/-/which-boxed-primitive-1.0.2.tgz 181ms (cache miss)
567 timing reifyNode:node_modules/which-boxed-primitive Completed in 233ms
568 http fetch POST 200 https://registry.npmjs.org/-/npm/v1/security/advisories/bulk 240ms
569 timing auditReport:getReport Completed in 245ms
570 silly audit report {}
571 timing auditReport:init Completed in 0ms
572 timing reify:audit Completed in 246ms
573 http fetch GET 200 https://registry.npmjs.org/is-boolean-object/-/is-boolean-object-1.1.2.tgz 211ms (cache miss)
574 timing reifyNode:node_modules/is-boolean-object Completed in 246ms
575 http fetch GET 200 https://registry.npmjs.org/side-channel/-/side-channel-1.0.4.tgz 212ms (cache miss)
576 timing reifyNode:node_modules/side-channel Completed in 253ms
577 http fetch GET 200 https://registry.npmjs.org/is-bigint/-/is-bigint-1.0.4.tgz 269ms (cache miss)
578 timing reifyNode:node_modules/is-bigint Completed in 304ms
579 http fetch GET 200 https://registry.npmjs.org/is-date-object/-/is-date-object-1.0.5.tgz 270ms (cache miss)
580 http fetch GET 200 https://registry.npmjs.org/has-tostringtag/-/has-tostringtag-1.0.0.tgz 277ms (cache miss)
581 http fetch GET 200 https://registry.npmjs.org/unbox-primitive/-/unbox-primitive-1.0.2.tgz 277ms (cache miss)
582 http fetch GET 200 https://registry.npmjs.org/typed-array-length/-/typed-array-length-1.0.4.tgz 282ms (cache miss)
583 timing reifyNode:node_modules/is-date-object Completed in 336ms
584 timing reifyNode:node_modules/typed-array-length Completed in 336ms
585 http fetch GET 200 https://registry.npmjs.org/which-typed-array/-/which-typed-array-1.1.13.tgz 292ms (cache miss)
586 http fetch GET 200 https://registry.npmjs.org/functions-have-names/-/functions-have-names-1.2.3.tgz 296ms (cache miss)
587 http fetch GET 200 https://registry.npmjs.org/typed-array-byte-offset/-/typed-array-byte-offset-1.0.0.tgz 293ms (cache miss)
588 timing reifyNode:node_modules/typed-array-byte-offset Completed in 337ms
589 http fetch GET 200 https://registry.npmjs.org/typed-array-buffer/-/typed-array-buffer-1.0.0.tgz 291ms (cache miss)
590 timing reifyNode:node_modules/typed-array-buffer Completed in 345ms
591 http fetch GET 200 https://registry.npmjs.org/typed-array-byte-length/-/typed-array-byte-length-1.0.0.tgz 301ms (cache miss)
592 timing reifyNode:node_modules/which-typed-array Completed in 346ms
593 timing reifyNode:node_modules/unbox-primitive Completed in 346ms
594 http fetch GET 200 https://registry.npmjs.org/is-symbol/-/is-symbol-1.0.4.tgz 304ms (cache miss)
595 http fetch GET 200 https://registry.npmjs.org/string.prototype.trim/-/string.prototype.trim-1.2.8.tgz 299ms (cache miss)
596 timing reifyNode:node_modules/typed-array-byte-length Completed in 358ms
597 timing reifyNode:node_modules/functions-have-names Completed in 358ms
598 http fetch GET 200 https://registry.npmjs.org/safe-regex-test/-/safe-regex-test-1.0.0.tgz 310ms (cache miss)
599 timing reifyNode:node_modules/safe-regex-test Completed in 359ms
600 timing reifyNode:node_modules/is-symbol Completed in 370ms
601 timing reifyNode:node_modules/has-tostringtag Completed in 379ms
602 http fetch GET 200 https://registry.npmjs.org/string.prototype.trimstart/-/string.prototype.trimstart-1.0.7.tgz 333ms (cache miss)
603 http fetch GET 200 https://registry.npmjs.org/string.prototype.trimend/-/string.prototype.trimend-1.0.7.tgz 332ms (cache miss)
604 http fetch GET 200 https://registry.npmjs.org/json5/-/json5-1.0.2.tgz 349ms (cache miss)
605 timing reifyNode:node_modules/json5 Completed in 386ms
606 timing reifyNode:node_modules/string.prototype.trimstart Completed in 406ms
607 timing reifyNode:node_modules/string.prototype.trimend Completed in 406ms
608 http fetch GET 200 https://registry.npmjs.org/safe-array-concat/-/safe-array-concat-1.0.1.tgz 370ms (cache miss)
609 http fetch GET 200 https://registry.npmjs.org/is-regex/-/is-regex-1.1.4.tgz 369ms (cache miss)
610 timing reifyNode:node_modules/string.prototype.trim Completed in 435ms
611 timing reifyNode:node_modules/safe-array-concat Completed in 435ms
612 http fetch GET 200 https://registry.npmjs.org/is-negative-zero/-/is-negative-zero-2.0.2.tgz 383ms (cache miss)
613 http fetch GET 200 https://registry.npmjs.org/has-symbols/-/has-symbols-1.0.3.tgz 378ms (cache miss)
614 http fetch GET 200 https://registry.npmjs.org/has-proto/-/has-proto-1.0.1.tgz 377ms (cache miss)
615 timing reifyNode:node_modules/has-proto Completed in 437ms
616 http fetch GET 200 https://registry.npmjs.org/is-weakref/-/is-weakref-1.0.2.tgz 399ms (cache miss)
617 timing reifyNode:node_modules/is-weakref Completed in 450ms
618 timing reifyNode:node_modules/is-regex Completed in 450ms
619 http fetch GET 200 https://registry.npmjs.org/is-array-buffer/-/is-array-buffer-3.0.2.tgz 392ms (cache miss)
620 http fetch GET 200 https://registry.npmjs.org/internal-slot/-/internal-slot-1.0.5.tgz 392ms (cache miss)
621 http fetch GET 200 https://registry.npmjs.org/regexp.prototype.flags/-/regexp.prototype.flags-1.5.1.tgz 411ms (cache miss)
622 http fetch GET 200 https://registry.npmjs.org/is-shared-array-buffer/-/is-shared-array-buffer-1.0.2.tgz 407ms (cache miss)
623 timing reifyNode:node_modules/is-shared-array-buffer Completed in 460ms
624 http fetch GET 200 https://registry.npmjs.org/is-typed-array/-/is-typed-array-1.1.12.tgz 409ms (cache miss)
625 timing reifyNode:node_modules/is-typed-array Completed in 460ms
626 timing reifyNode:node_modules/is-array-buffer Completed in 461ms
627 http fetch GET 200 https://registry.npmjs.org/get-symbol-description/-/get-symbol-description-1.0.0.tgz 401ms (cache miss)
628 http fetch GET 200 https://registry.npmjs.org/is-callable/-/is-callable-1.2.7.tgz 403ms (cache miss)
629 http fetch GET 200 https://registry.npmjs.org/es-set-tostringtag/-/es-set-tostringtag-2.0.1.tgz 399ms (cache miss)
630 timing reifyNode:node_modules/es-set-tostringtag Completed in 462ms
631 timing reifyNode:node_modules/is-negative-zero Completed in 466ms
632 timing reifyNode:node_modules/internal-slot Completed in 472ms
633 timing reifyNode:node_modules/get-symbol-description Completed in 472ms
634 http fetch GET 200 https://registry.npmjs.org/available-typed-arrays/-/available-typed-arrays-1.0.5.tgz 409ms (cache miss)
635 http fetch GET 200 https://registry.npmjs.org/array-buffer-byte-length/-/array-buffer-byte-length-1.0.0.tgz 408ms (cache miss)
636 timing reifyNode:node_modules/array-buffer-byte-length Completed in 471ms
637 timing reifyNode:node_modules/regexp.prototype.flags Completed in 476ms
638 timing reifyNode:node_modules/is-callable Completed in 477ms
639 http fetch GET 200 https://registry.npmjs.org/globalthis/-/globalthis-1.0.3.tgz 424ms (cache miss)
640 timing reifyNode:node_modules/available-typed-arrays Completed in 486ms
641 http fetch GET 200 https://registry.npmjs.org/object-keys/-/object-keys-1.1.1.tgz 421ms (cache miss)
642 http fetch GET 200 https://registry.npmjs.org/set-function-length/-/set-function-length-1.1.1.tgz 424ms (cache miss)
643 http fetch GET 200 https://registry.npmjs.org/es-shim-unscopables/-/es-shim-unscopables-1.0.0.tgz 421ms (cache miss)
644 timing reifyNode:node_modules/set-function-length Completed in 489ms
645 http fetch GET 200 https://registry.npmjs.org/gopd/-/gopd-1.0.1.tgz 424ms (cache miss)
646 timing reifyNode:node_modules/gopd Completed in 489ms
647 timing reifyNode:node_modules/globalthis Completed in 493ms
648 http fetch GET 200 https://registry.npmjs.org/define-data-property/-/define-data-property-1.1.1.tgz 428ms (cache miss)
649 timing reifyNode:node_modules/object-keys Completed in 492ms
650 http fetch GET 200 https://registry.npmjs.org/has-property-descriptors/-/has-property-descriptors-1.0.0.tgz 427ms (cache miss)
651 timing reifyNode:node_modules/has-property-descriptors Completed in 493ms
652 http fetch GET 200 https://registry.npmjs.org/is-string/-/is-string-1.0.7.tgz 426ms (cache miss)
653 timing reifyNode:node_modules/has-symbols Completed in 496ms
654 http fetch GET 200 https://registry.npmjs.org/es-to-primitive/-/es-to-primitive-1.2.1.tgz 434ms (cache miss)
655 timing reifyNode:node_modules/es-shim-unscopables Completed in 496ms
656 http fetch GET 200 https://registry.npmjs.org/define-properties/-/define-properties-1.2.1.tgz 421ms (cache miss)
657 timing reifyNode:node_modules/define-properties Completed in 496ms
658 http fetch GET 200 https://registry.npmjs.org/arraybuffer.prototype.slice/-/arraybuffer.prototype.slice-1.0.2.tgz 436ms (cache miss)
659 timing reifyNode:node_modules/is-string Completed in 499ms
660 http fetch GET 200 https://registry.npmjs.org/get-intrinsic/-/get-intrinsic-1.2.1.tgz 430ms (cache miss)
661 timing reifyNode:node_modules/define-data-property Completed in 502ms
662 http fetch GET 200 https://registry.npmjs.org/has/-/has-1.0.4.tgz 424ms (cache miss)
663 timing reifyNode:node_modules/has Completed in 503ms
664 http fetch GET 200 https://registry.npmjs.org/call-bind/-/call-bind-1.0.5.tgz 427ms (cache miss)
665 http fetch GET 200 https://registry.npmjs.org/object.fromentries/-/object.fromentries-2.0.7.tgz 426ms (cache miss)
666 timing reifyNode:node_modules/es-to-primitive Completed in 507ms
667 http fetch GET 200 https://registry.npmjs.org/function-bind/-/function-bind-1.1.2.tgz 440ms (cache miss)
668 timing reifyNode:node_modules/get-intrinsic Completed in 506ms
669 http fetch GET 200 https://registry.npmjs.org/eslint-import-resolver-node/-/eslint-import-resolver-node-0.3.9.tgz 427ms (cache miss)
670 timing reifyNode:node_modules/eslint-import-resolver-node Completed in 507ms
671 http fetch GET 200 https://registry.npmjs.org/array.prototype.findlastindex/-/array.prototype.findlastindex-1.2.3.tgz 425ms (cache miss)
672 http fetch GET 200 https://registry.npmjs.org/array.prototype.flatmap/-/array.prototype.flatmap-1.3.2.tgz 425ms (cache miss)
673 timing reifyNode:node_modules/arraybuffer.prototype.slice Completed in 509ms
674 timing reifyNode:node_modules/call-bind Completed in 511ms
675 http fetch GET 200 https://registry.npmjs.org/is-core-module/-/is-core-module-2.13.0.tgz 432ms (cache miss)
676 http fetch GET 200 https://registry.npmjs.org/object.entries/-/object.entries-1.1.7.tgz 427ms (cache miss)
677 http fetch GET 200 https://registry.npmjs.org/function.prototype.name/-/function.prototype.name-1.1.6.tgz 452ms (cache miss)
678 timing reifyNode:node_modules/function-bind Completed in 514ms
679 timing reifyNode:node_modules/is-core-module Completed in 514ms
680 http fetch GET 200 https://registry.npmjs.org/confusing-browser-globals/-/confusing-browser-globals-1.0.11.tgz 429ms (cache miss)
681 timing reifyNode:node_modules/confusing-browser-globals Completed in 515ms
682 timing reifyNode:node_modules/object.fromentries Completed in 518ms
683 http fetch GET 200 https://registry.npmjs.org/object.values/-/object.values-1.1.7.tgz 442ms (cache miss)
684 timing reifyNode:node_modules/function.prototype.name Completed in 520ms
685 http fetch GET 200 https://registry.npmjs.org/debug/-/debug-3.2.7.tgz 433ms (cache miss)
686 timing reifyNode:node_modules/eslint-plugin-import/node_modules/debug Completed in 522ms
687 http fetch GET 200 https://registry.npmjs.org/array.prototype.flat/-/array.prototype.flat-1.3.2.tgz 439ms (cache miss)
688 http fetch GET 200 https://registry.npmjs.org/array-includes/-/array-includes-3.1.7.tgz 439ms (cache miss)
689 timing reifyNode:node_modules/object.values Completed in 523ms
690 http fetch GET 200 https://registry.npmjs.org/eslint-module-utils/-/eslint-module-utils-2.8.0.tgz 444ms (cache miss)
691 timing reifyNode:node_modules/array.prototype.flatmap Completed in 524ms
692 http fetch GET 200 https://registry.npmjs.org/object.groupby/-/object.groupby-1.0.1.tgz 443ms (cache miss)
693 http fetch GET 200 https://registry.npmjs.org/doctrine/-/doctrine-2.1.0.tgz 438ms (cache miss)
694 timing reifyNode:node_modules/array.prototype.findlastindex Completed in 526ms
695 timing reifyNode:node_modules/array.prototype.flat Completed in 526ms
696 timing reifyNode:node_modules/object.entries Completed in 526ms
697 timing reifyNode:node_modules/array-includes Completed in 526ms
698 timing reifyNode:node_modules/eslint-module-utils Completed in 527ms
699 timing reifyNode:node_modules/object.groupby Completed in 528ms
700 timing reifyNode:node_modules/eslint-plugin-import/node_modules/doctrine Completed in 528ms
701 http fetch GET 200 https://registry.npmjs.org/debug/-/debug-3.2.7.tgz 444ms (cache miss)
702 timing reifyNode:node_modules/eslint-import-resolver-node/node_modules/debug Completed in 531ms
703 http fetch GET 200 https://registry.npmjs.org/debug/-/debug-3.2.7.tgz 446ms (cache miss)
704 timing reifyNode:node_modules/eslint-module-utils/node_modules/debug Completed in 535ms
705 http fetch GET 200 https://registry.npmjs.org/eslint-config-airbnb-base/-/eslint-config-airbnb-base-15.0.0.tgz 454ms (cache miss)
706 timing reifyNode:node_modules/eslint-config-airbnb-base Completed in 540ms
707 http fetch GET 200 https://registry.npmjs.org/object-inspect/-/object-inspect-1.13.1.tgz 492ms (cache miss)
708 timing reifyNode:node_modules/object-inspect Completed in 544ms
709 http fetch GET 200 https://registry.npmjs.org/tsconfig-paths/-/tsconfig-paths-3.14.2.tgz 492ms (cache miss)
710 timing reifyNode:node_modules/tsconfig-paths Completed in 570ms
711 http fetch GET 200 https://registry.npmjs.org/object.assign/-/object.assign-4.1.4.tgz 495ms (cache miss)
712 timing reifyNode:node_modules/object.assign Completed in 579ms
713 http fetch GET 200 https://registry.npmjs.org/resolve/-/resolve-1.22.8.tgz 562ms (cache miss)
714 timing reifyNode:node_modules/resolve Completed in 605ms
715 http fetch GET 200 https://registry.npmjs.org/eslint-plugin-import/-/eslint-plugin-import-2.28.1.tgz 531ms (cache miss)
716 timing reifyNode:node_modules/eslint-plugin-import Completed in 616ms
717 http fetch GET 200 https://registry.npmjs.org/es-abstract/-/es-abstract-1.22.2.tgz 741ms (cache miss)
718 timing reifyNode:node_modules/es-abstract Completed in 809ms
719 timing reify:unpack Completed in 811ms
720 timing reify:unretire Completed in 0ms
721 timing build:queue Completed in 3ms
722 timing build:link:node_modules/json5 Completed in 2ms
723 timing build:link:node_modules/eslint-config-airbnb-base/node_modules/semver Completed in 1ms
724 timing build:link:node_modules/eslint-plugin-import/node_modules/semver Completed in 1ms
725 timing build:link:node_modules/resolve Completed in 1ms
726 timing build:link Completed in 2ms
727 timing build:deps Completed in 5ms
728 timing build Completed in 5ms
729 timing reify:build Completed in 6ms
730 timing reify:trash Completed in 1ms
731 timing reify:save Completed in 123ms
732 timing reify Completed in 3907ms
733 silly ADD node_modules/is-number-object
734 silly ADD node_modules/is-boolean-object
735 silly ADD node_modules/is-bigint
736 silly ADD node_modules/which-boxed-primitive
737 silly ADD node_modules/has-bigints
738 silly ADD node_modules/for-each
739 silly ADD node_modules/strip-bom
740 silly ADD node_modules/json5
741 silly ADD node_modules/@types/json5
742 silly ADD node_modules/isarray
743 silly ADD node_modules/supports-preserve-symlinks-flag
744 silly ADD node_modules/path-parse
745 silly ADD node_modules/set-function-name
746 silly ADD node_modules/side-channel
747 silly ADD node_modules/functions-have-names
748 silly ADD node_modules/resolve
749 silly ADD node_modules/is-symbol
750 silly ADD node_modules/is-date-object
751 silly ADD node_modules/has-tostringtag
752 silly ADD node_modules/which-typed-array
753 silly ADD node_modules/unbox-primitive
754 silly ADD node_modules/typed-array-length
755 silly ADD node_modules/typed-array-byte-offset
756 silly ADD node_modules/typed-array-byte-length
757 silly ADD node_modules/typed-array-buffer
758 silly ADD node_modules/string.prototype.trimstart
759 silly ADD node_modules/string.prototype.trimend
760 silly ADD node_modules/string.prototype.trim
761 silly ADD node_modules/safe-regex-test
762 silly ADD node_modules/safe-array-concat
763 silly ADD node_modules/regexp.prototype.flags
764 silly ADD node_modules/object-inspect
765 silly ADD node_modules/is-weakref
766 silly ADD node_modules/is-typed-array
767 silly ADD node_modules/is-shared-array-buffer
768 silly ADD node_modules/is-regex
769 silly ADD node_modules/is-negative-zero
770 silly ADD node_modules/is-callable
771 silly ADD node_modules/is-array-buffer
772 silly ADD node_modules/internal-slot
773 silly ADD node_modules/has-symbols
774 silly ADD node_modules/has-proto
775 silly ADD node_modules/globalthis
776 silly ADD node_modules/get-symbol-description
777 silly ADD node_modules/function.prototype.name
778 silly ADD node_modules/es-to-primitive
779 silly ADD node_modules/es-set-tostringtag
780 silly ADD node_modules/available-typed-arrays
781 silly ADD node_modules/arraybuffer.prototype.slice
782 silly ADD node_modules/array-buffer-byte-length
783 silly ADD node_modules/gopd
784 silly ADD node_modules/object-keys
785 silly ADD node_modules/has-property-descriptors
786 silly ADD node_modules/define-data-property
787 silly ADD node_modules/set-function-length
788 silly ADD node_modules/function-bind
789 silly ADD node_modules/es-shim-unscopables
790 silly ADD node_modules/is-string
791 silly ADD node_modules/get-intrinsic
792 silly ADD node_modules/es-abstract
793 silly ADD node_modules/define-properties
794 silly ADD node_modules/call-bind
795 silly ADD node_modules/tsconfig-paths
796 silly ADD node_modules/object.values
797 silly ADD node_modules/object.groupby
798 silly ADD node_modules/object.fromentries
799 silly ADD node_modules/is-core-module
800 silly ADD node_modules/has
801 silly ADD node_modules/eslint-module-utils
802 silly ADD node_modules/eslint-module-utils/node_modules/debug
803 silly ADD node_modules/eslint-import-resolver-node
804 silly ADD node_modules/eslint-import-resolver-node/node_modules/debug
805 silly ADD node_modules/array.prototype.flatmap
806 silly ADD node_modules/array.prototype.flat
807 silly ADD node_modules/array.prototype.findlastindex
808 silly ADD node_modules/array-includes
809 silly ADD node_modules/object.entries
810 silly ADD node_modules/object.assign
811 silly ADD node_modules/confusing-browser-globals
812 silly ADD node_modules/eslint-plugin-import
813 silly ADD node_modules/eslint-plugin-import/node_modules/semver
814 silly ADD node_modules/eslint-plugin-import/node_modules/doctrine
815 silly ADD node_modules/eslint-plugin-import/node_modules/debug
816 silly ADD node_modules/eslint-config-airbnb-base
817 silly ADD node_modules/eslint-config-airbnb-base/node_modules/semver
818 silly ADD
819 silly ADD
820 silly ADD
821 silly ADD
822 silly ADD
823 silly ADD
824 silly ADD
825 silly ADD
826 silly ADD
827 silly ADD
828 silly ADD
829 silly ADD
830 silly ADD
831 silly ADD
832 silly ADD
833 silly ADD
834 silly ADD
835 silly ADD
836 silly ADD
837 silly ADD
838 silly ADD
839 silly ADD
840 timing command:install Completed in 3914ms
841 verbose exit 0
842 timing npm Completed in 4099ms
843 info ok
